Using pre-set license
Built from '2021.2/staging' branch; Version is '2021.2.8f1 (d0e5f0a7b06a) revision 13690352'; Using compiler version '192829333'; Build Type 'Release'
OS: 'Windows 10  (10.0.19042) 64bit ProfessionalWorkstation' Language: 'fr' Physical Memory: 32313 MB
BatchMode: 1, IsHumanControllingUs: 0, StartBugReporterOnCrash: 0, Is64bit: 1, IsPro: 0

COMMAND LINE ARGUMENTS:
C:\Program Files\Unity\Hub\Editor\2021.2.8f1\Editor\Unity.exe
-adb2
-batchMode
-noUpm
-name
AssetImportWorker2
-projectPath
C:/Users/christopher/Documents/GitHub/ApplicationVR
-logFile
Logs/AssetImportWorker2.log
-srvPort
60606
Successfully changed project path to: C:/Users/christopher/Documents/GitHub/ApplicationVR
C:/Users/christopher/Documents/GitHub/ApplicationVR
[UnityMemory] Configuration Parameters - Can be set up in boot.config
    "memorysetup-bucket-allocator-granularity=16"
    "memorysetup-bucket-allocator-bucket-count=8"
    "memorysetup-bucket-allocator-block-size=33554432"
    "memorysetup-bucket-allocator-block-count=8"
    "memorysetup-main-allocator-block-size=16777216"
    "memorysetup-thread-allocator-block-size=16777216"
    "memorysetup-gfx-main-allocator-block-size=16777216"
    "memorysetup-gfx-thread-allocator-block-size=16777216"
    "memorysetup-cache-allocator-block-size=4194304"
    "memorysetup-typetree-allocator-block-size=2097152"
    "memorysetup-profiler-bucket-allocator-granularity=16"
    "memorysetup-profiler-bucket-allocator-bucket-count=8"
    "memorysetup-profiler-bucket-allocator-block-size=33554432"
    "memorysetup-profiler-bucket-allocator-block-count=8"
    "memorysetup-profiler-allocator-block-size=16777216"
    "memorysetup-profiler-editor-allocator-block-size=1048576"
    "memorysetup-temp-allocator-size-main=16777216"
    "memorysetup-job-temp-allocator-block-size=2097152"
    "memorysetup-job-temp-allocator-block-size-background=1048576"
    "memorysetup-job-temp-allocator-reduction-small-platforms=262144"
    "memorysetup-temp-allocator-size-background-worker=32768"
    "memorysetup-temp-allocator-size-job-worker=262144"
    "memorysetup-temp-allocator-size-preload-manager=33554432"
    "memorysetup-temp-allocator-size-nav-mesh-worker=65536"
    "memorysetup-temp-allocator-size-audio-worker=65536"
    "memorysetup-temp-allocator-size-cloud-worker=32768"
    "memorysetup-temp-allocator-size-gi-baking-worker=262144"
    "memorysetup-temp-allocator-size-gfx=262144"
Refreshing native plugins compatible for Editor in 172.54 ms, found 13 plugins.
Preloading 1 native plugins for Editor in 1.58 ms.
Initialize engine version: 2021.2.8f1 (d0e5f0a7b06a)
[Subsystems] Discovering subsystems at path C:/Program Files/Unity/Hub/Editor/2021.2.8f1/Editor/Data/Resources/UnitySubsystems
[Subsystems] Discovering subsystems at path C:/Users/christopher/Documents/GitHub/ApplicationVR/Assets
GfxDevice: creating device client; threaded=0; jobified=0
Direct3D:
    Version:  Direct3D 11.0 [level 11.1]
    Renderer: NVIDIA Quadro P2200 (ID=0x1c31)
    Vendor:   NVIDIA
    VRAM:     5030 MB
    Driver:   27.21.14.6647
Shader 'Oculus/OVRMRCameraFrameLit': fallback shader 'Alpha-Diffuse' not found
Initialize mono
Mono path[0] = 'C:/Program Files/Unity/Hub/Editor/2021.2.8f1/Editor/Data/Managed'
Mono path[1] = 'C:/Program Files/Unity/Hub/Editor/2021.2.8f1/Editor/Data/MonoBleedingEdge/lib/mono/unityjit-win32'
Mono config path = 'C:/Program Files/Unity/Hub/Editor/2021.2.8f1/Editor/Data/MonoBleedingEdge/etc'
Using monoOptions --debugger-agent=transport=dt_socket,embedding=1,server=y,suspend=n,address=127.0.0.1:56156
Begin MonoManager ReloadAssembly
Registering precompiled unity dll's ...
Register platform support module: C:/Program Files/Unity/Hub/Editor/2021.2.8f1/Editor/Data/PlaybackEngines/WebGLSupport/UnityEditor.WebGL.Extensions.dll
Register platform support module: C:/Program Files/Unity/Hub/Editor/2021.2.8f1/Editor/Data/PlaybackEngines/WindowsStandaloneSupport/UnityEditor.WindowsStandalone.Extensions.dll
Registered in 0.012241 seconds.
Native extension for WindowsStandalone target not found
Native extension for WebGL target not found
Refreshing native plugins compatible for Editor in 95.30 ms, found 13 plugins.
Preloading 1 native plugins for Editor in 0.10 ms.
Mono: successfully reloaded assembly
- Completed reload, in  0.992 seconds
Domain Reload Profiling:
	ReloadAssembly (993ms)
		BeginReloadAssembly (366ms)
			ExecutionOrderSort (0ms)
			DisableScriptedObjects (0ms)
			BackupInstance (0ms)
			ReleaseScriptingObjects (0ms)
			CreateAndSetChildDomain (1ms)
		EndReloadAssembly (524ms)
			LoadAssemblies (368ms)
			RebuildTransferFunctionScriptingTraits (0ms)
			SetupTypeCache (113ms)
			ReleaseScriptCaches (0ms)
			RebuildScriptCaches (28ms)
			SetupLoadedEditorAssemblies (303ms)
				LogAssemblyErrors (0ms)
				InitializePlatformSupportModulesInManaged (20ms)
				SetLoadedEditorAssemblies (0ms)
				RefreshPlugins (95ms)
				BeforeProcessingInitializeOnLoad (1ms)
				ProcessInitializeOnLoadAttributes (146ms)
				ProcessInitializeOnLoadMethodAttributes (40ms)
				AfterProcessingInitializeOnLoad (0ms)
				EditorAssembliesLoaded (0ms)
			ExecutionOrderSort2 (0ms)
			AwakeInstancesAfterBackupRestoration (0ms)
Platform modules already initialized, skipping
Registering precompiled user dll's ...
Registered in 0.046206 seconds.
Begin MonoManager ReloadAssembly
Symbol file LoadedFromMemory doesn't match image C:\Users\christopher\Documents\GitHub\ApplicationVR\Library\PackageCache\com.unity.visualscripting@1.7.6\Editor\VisualScripting.Core\Dependencies\DotNetZip\Unity.VisualScripting.IonicZip.dll
Symbol file LoadedFromMemory doesn't match image C:\Users\christopher\Documents\GitHub\ApplicationVR\Library\PackageCache\com.unity.visualscripting@1.7.6\Editor\VisualScripting.Core\Dependencies\YamlDotNet\Unity.VisualScripting.YamlDotNet.dll
Native extension for WindowsStandalone target not found
Native extension for WebGL target not found
Refreshing native plugins compatible for Editor in 102.85 ms, found 13 plugins.
Preloading 1 native plugins for Editor in 0.11 ms.
Package Manager log level set to [2]
[XR] OculusXRPlugin: registering subsystems
[XR] Unable to register display lifecyle provider: [1]
[XR] Oculus Input lifecycle provider registered.
[XR] Unable to register input lifecyle provider: [1]
[XR] OVRP version 1.67.0
Mono: successfully reloaded assembly
- Completed reload, in  1.769 seconds
Domain Reload Profiling:
	ReloadAssembly (1770ms)
		BeginReloadAssembly (351ms)
			ExecutionOrderSort (0ms)
			DisableScriptedObjects (5ms)
			BackupInstance (0ms)
			ReleaseScriptingObjects (0ms)
			CreateAndSetChildDomain (29ms)
		EndReloadAssembly (1255ms)
			LoadAssemblies (399ms)
			RebuildTransferFunctionScriptingTraits (0ms)
			SetupTypeCache (332ms)
			ReleaseScriptCaches (1ms)
			RebuildScriptCaches (75ms)
			SetupLoadedEditorAssemblies (609ms)
				LogAssemblyErrors (0ms)
				InitializePlatformSupportModulesInManaged (14ms)
				SetLoadedEditorAssemblies (0ms)
				RefreshPlugins (103ms)
				BeforeProcessingInitializeOnLoad (87ms)
				ProcessInitializeOnLoadAttributes (342ms)
				ProcessInitializeOnLoadMethodAttributes (53ms)
				AfterProcessingInitializeOnLoad (9ms)
				EditorAssembliesLoaded (0ms)
			ExecutionOrderSort2 (0ms)
			AwakeInstancesAfterBackupRestoration (6ms)
Platform modules already initialized, skipping
========================================================================
Worker process is ready to serve import requests
Shader 'Oculus/OVRMRCameraFrameLit': fallback shader 'Alpha-Diffuse' not found
Launched and connected shader compiler UnityShaderCompiler.exe after 0.06 seconds
Refreshing native plugins compatible for Editor in 1.17 ms, found 13 plugins.
Preloading 1 native plugins for Editor in 0.10 ms.
Unloading 4588 Unused Serialized files (Serialized files now loaded: 0)
Unloading 76 unused Assets / (34.0 KB). Loaded Objects now: 5027.
Memory consumption went from 178.7 MB to 178.7 MB.
Total: 5.740100 ms (FindLiveObjects: 0.561600 ms CreateObjectMapping: 0.444000 ms MarkObjects: 4.662100 ms  DeleteObjects: 0.070300 ms)

AssetImportParameters requested are different than current active one (requested -> active):
  custom:video-decoder-ogg-theora: a1e56fd34408186e4bbccfd4996cb3dc -> 
  custom:container-muxer-webm: aa71ff27fc2769a1b78a27578f13a17b -> 
  custom:container-demuxer-webm: 4f35f7cbe854078d1ac9338744f61a02 -> 
  custom:video-encoder-webm-vp8: eb34c28f22e8b96e1ab97ce403110664 -> 
  custom:video-codec-MediaFoundation-h265: 746d11721c4dcdbdad8f713fa42b33f4 -> 
  custom:audio-encoder-webm-vorbis: bf7c407c2cedff20999df2af8eb42d56 -> 
  custom:framework-win-MediaFoundation: 216162199b28c13a410421893ffa2e32 -> 
  custom:container-demuxer-ogg: 62fdf1f143b41e24485cea50d1cbac27 -> 
  custom:video-decoder-webm-vp8: 9c59270c3fd7afecdb556c50c9e8de78 -> 
  custom:audio-decoder-ogg-vorbis: bf7c407c2cedff20999df2af8eb42d56 -> 
========================================================================
Received Prepare
Registering precompiled user dll's ...
Registered in 0.029522 seconds.
Begin MonoManager ReloadAssembly
Symbol file LoadedFromMemory doesn't match image C:\Users\christopher\Documents\GitHub\ApplicationVR\Library\PackageCache\com.unity.visualscripting@1.7.6\Editor\VisualScripting.Core\Dependencies\DotNetZip\Unity.VisualScripting.IonicZip.dll
Symbol file LoadedFromMemory doesn't match image C:\Users\christopher\Documents\GitHub\ApplicationVR\Library\PackageCache\com.unity.visualscripting@1.7.6\Editor\VisualScripting.Core\Dependencies\YamlDotNet\Unity.VisualScripting.YamlDotNet.dll
Native extension for WindowsStandalone target not found
Native extension for WebGL target not found
Refreshing native plugins compatible for Editor in 2.66 ms, found 13 plugins.
Preloading 1 native plugins for Editor in 0.16 ms.
Mono: successfully reloaded assembly
- Completed reload, in  1.418 seconds
Domain Reload Profiling:
	ReloadAssembly (1419ms)
		BeginReloadAssembly (249ms)
			ExecutionOrderSort (0ms)
			DisableScriptedObjects (4ms)
			BackupInstance (0ms)
			ReleaseScriptingObjects (0ms)
			CreateAndSetChildDomain (42ms)
		EndReloadAssembly (1040ms)
			LoadAssemblies (253ms)
			RebuildTransferFunctionScriptingTraits (0ms)
			SetupTypeCache (345ms)
			ReleaseScriptCaches (2ms)
			RebuildScriptCaches (46ms)
			SetupLoadedEditorAssemblies (432ms)
				LogAssemblyErrors (0ms)
				InitializePlatformSupportModulesInManaged (16ms)
				SetLoadedEditorAssemblies (1ms)
				RefreshPlugins (3ms)
				BeforeProcessingInitializeOnLoad (74ms)
				ProcessInitializeOnLoadAttributes (292ms)
				ProcessInitializeOnLoadMethodAttributes (38ms)
				AfterProcessingInitializeOnLoad (8ms)
				EditorAssembliesLoaded (0ms)
			ExecutionOrderSort2 (0ms)
			AwakeInstancesAfterBackupRestoration (5ms)
Platform modules already initialized, skipping
Switching build target platform(19) subTarget(0) extendedPlatform(0) -> platform(13) subTarget(0) extendedPlatform(0)
Shader 'Oculus/OVRMRCameraFrameLit': fallback shader 'Alpha-Diffuse' not found
Refreshing native plugins compatible for Editor in 1.28 ms, found 13 plugins.
Preloading 1 native plugins for Editor in 0.12 ms.
Unloading 4500 Unused Serialized files (Serialized files now loaded: 0)
Unloading 70 unused Assets / (26.1 KB). Loaded Objects now: 5030.
Memory consumption went from 171.5 MB to 171.5 MB.
Total: 3.501700 ms (FindLiveObjects: 0.453200 ms CreateObjectMapping: 0.320800 ms MarkObjects: 2.684200 ms  DeleteObjects: 0.042100 ms)

AssetImportParameters requested are different than current active one (requested -> active):
  custom:video-decoder-ogg-theora: a1e56fd34408186e4bbccfd4996cb3dc -> 
  custom:container-muxer-webm: aa71ff27fc2769a1b78a27578f13a17b -> 
  custom:container-demuxer-webm: 4f35f7cbe854078d1ac9338744f61a02 -> 
  custom:video-encoder-webm-vp8: eb34c28f22e8b96e1ab97ce403110664 -> 
  custom:video-codec-MediaFoundation-h265: 746d11721c4dcdbdad8f713fa42b33f4 -> 
  custom:audio-encoder-webm-vorbis: bf7c407c2cedff20999df2af8eb42d56 -> 
  custom:framework-win-MediaFoundation: 216162199b28c13a410421893ffa2e32 -> 
  custom:container-demuxer-ogg: 62fdf1f143b41e24485cea50d1cbac27 -> 
  custom:video-decoder-webm-vp8: 9c59270c3fd7afecdb556c50c9e8de78 -> 
  custom:audio-decoder-ogg-vorbis: bf7c407c2cedff20999df2af8eb42d56 -> 
========================================================================
Received Import Request.
  Time since last request: 1461.160379 seconds.
  path: Assets/NextMindSDK/Examples/Hub_VR.unity
  artifactKey: Guid(282181e38ebf2d64e98ded67e2c52942) Importer(815301076,1909f56bfc062723c751e8b465ee728b)
Start importing Assets/NextMindSDK/Examples/Hub_VR.unity using Guid(282181e38ebf2d64e98ded67e2c52942) Importer(815301076,1909f56bfc062723c751e8b465ee728b)  -> (artifact id: '70732878a5f115065a9d353cedd605c9') in 0.037601 seconds 
========================================================================
Received Import Request.
  Time since last request: 131.675071 seconds.
  path: Assets/NextMindSDK/Examples/SDKDiscovery
  artifactKey: Guid(726515edef0577347820a69436694afc) Importer(815301076,1909f56bfc062723c751e8b465ee728b)
Start importing Assets/NextMindSDK/Examples/SDKDiscovery using Guid(726515edef0577347820a69436694afc) Importer(815301076,1909f56bfc062723c751e8b465ee728b)  -> (artifact id: '3307719b97067517e3fb5478264e6370') in 0.006690 seconds 
========================================================================
Received Import Request.
  Time since last request: 22.720977 seconds.
  path: Assets/NextMindSDK/Examples/Calibration
  artifactKey: Guid(0fccf427001c73047a51df1304234c03) Importer(815301076,1909f56bfc062723c751e8b465ee728b)
Start importing Assets/NextMindSDK/Examples/Calibration using Guid(0fccf427001c73047a51df1304234c03) Importer(815301076,1909f56bfc062723c751e8b465ee728b)  -> (artifact id: '7431c06f9fbd6897e1c913bc7ca7bf44') in 0.006744 seconds 
========================================================================
Received Import Request.
  Time since last request: 9.326438 seconds.
  path: Assets/NextMindSDK/Examples/Common Resources
  artifactKey: Guid(44b6360f3f4ec0d42b7ff41fc0cb2027) Importer(815301076,1909f56bfc062723c751e8b465ee728b)
Start importing Assets/NextMindSDK/Examples/Common Resources using Guid(44b6360f3f4ec0d42b7ff41fc0cb2027) Importer(815301076,1909f56bfc062723c751e8b465ee728b)  -> (artifact id: '40e034cfebdec431f027770de3504a3c') in 0.007256 seconds 
========================================================================
Received Import Request.
  Time since last request: 681.255921 seconds.
  path: Assets/Samples/NextMind SDK/1.5.0/Examples
  artifactKey: Guid(e8eec982067647e41bcbd831fa33f836) Importer(815301076,1909f56bfc062723c751e8b465ee728b)
Start importing Assets/Samples/NextMind SDK/1.5.0/Examples using Guid(e8eec982067647e41bcbd831fa33f836) Importer(815301076,1909f56bfc062723c751e8b465ee728b)  -> (artifact id: '15d3d2a840c9a8ba16ea1bf58dd70695') in 0.008216 seconds 
========================================================================
Received Import Request.
  Time since last request: 113.371730 seconds.
  path: Assets/NextMindSDK/Examples/NextMind.UnitySDK.Examples.asmdef
  artifactKey: Guid(778db4894d38e1a4f8be0ca63b7c25b6) Importer(815301076,1909f56bfc062723c751e8b465ee728b)
Start importing Assets/NextMindSDK/Examples/NextMind.UnitySDK.Examples.asmdef using Guid(778db4894d38e1a4f8be0ca63b7c25b6) Importer(815301076,1909f56bfc062723c751e8b465ee728b)  -> (artifact id: 'd9682611c77eee0ea05507c0f2547612') in 0.026594 seconds 
========================================================================
Received Import Request.
  Time since last request: 7.036270 seconds.
  path: Assets/NextMindSDK/Examples/NeuroTagGallery
  artifactKey: Guid(72c247921e004da439c6ceed7d19ed19) Importer(815301076,1909f56bfc062723c751e8b465ee728b)
Start importing Assets/NextMindSDK/Examples/NeuroTagGallery using Guid(72c247921e004da439c6ceed7d19ed19) Importer(815301076,1909f56bfc062723c751e8b465ee728b)  -> (artifact id: '93df523168090d66834c83fa65f2c704') in 0.006519 seconds 
========================================================================
Received Import Request.
  Time since last request: 2.039795 seconds.
  path: Assets/NextMindSDK/Examples/NeuroTagGallery/Scripts
  artifactKey: Guid(d07442aaa3ea3b242b296a1301847aee) Importer(815301076,1909f56bfc062723c751e8b465ee728b)
Start importing Assets/NextMindSDK/Examples/NeuroTagGallery/Scripts using Guid(d07442aaa3ea3b242b296a1301847aee) Importer(815301076,1909f56bfc062723c751e8b465ee728b)  -> (artifact id: '394db67e22dfef49b7d4260ec11d97d0') in 0.005754 seconds 
========================================================================
Received Import Request.
  Time since last request: 1.160842 seconds.
  path: Assets/NextMindSDK/Examples/NeuroTagGallery/Scripts/Steps
  artifactKey: Guid(db1f722cf1092384ea82a9a493ac6615) Importer(815301076,1909f56bfc062723c751e8b465ee728b)
Start importing Assets/NextMindSDK/Examples/NeuroTagGallery/Scripts/Steps using Guid(db1f722cf1092384ea82a9a493ac6615) Importer(815301076,1909f56bfc062723c751e8b465ee728b)  -> (artifact id: '2d3049d375119363781ec25fe7b00428') in 0.006871 seconds 
========================================================================
Received Import Request.
  Time since last request: 54.564559 seconds.
  path: Assets/Samples/NextMind SDK/1.5.0/Examples/NextMind.UnitySDK.Examples.asmdef
  artifactKey: Guid(ce7acf987910c1a499456698dfcf2d6e) Importer(815301076,1909f56bfc062723c751e8b465ee728b)
Start importing Assets/Samples/NextMind SDK/1.5.0/Examples/NextMind.UnitySDK.Examples.asmdef using Guid(ce7acf987910c1a499456698dfcf2d6e) Importer(815301076,1909f56bfc062723c751e8b465ee728b)  -> (artifact id: '84ee6b77ef9fb258b7b7491a6849e463') in 0.005945 seconds 
========================================================================
Received Prepare
Registering precompiled user dll's ...
Registered in 0.033473 seconds.
Begin MonoManager ReloadAssembly
Symbol file LoadedFromMemory doesn't match image C:\Users\christopher\Documents\GitHub\ApplicationVR\Library\PackageCache\com.unity.visualscripting@1.7.6\Editor\VisualScripting.Core\Dependencies\DotNetZip\Unity.VisualScripting.IonicZip.dll
Symbol file LoadedFromMemory doesn't match image C:\Users\christopher\Documents\GitHub\ApplicationVR\Library\PackageCache\com.unity.visualscripting@1.7.6\Editor\VisualScripting.Core\Dependencies\YamlDotNet\Unity.VisualScripting.YamlDotNet.dll
Native extension for WindowsStandalone target not found
Native extension for WebGL target not found
Refreshing native plugins compatible for Editor in 2.56 ms, found 13 plugins.
Preloading 1 native plugins for Editor in 0.32 ms.
Mono: successfully reloaded assembly
- Completed reload, in  1.282 seconds
Domain Reload Profiling:
	ReloadAssembly (1283ms)
		BeginReloadAssembly (234ms)
			ExecutionOrderSort (0ms)
			DisableScriptedObjects (4ms)
			BackupInstance (0ms)
			ReleaseScriptingObjects (0ms)
			CreateAndSetChildDomain (59ms)
		EndReloadAssembly (925ms)
			LoadAssemblies (180ms)
			RebuildTransferFunctionScriptingTraits (0ms)
			SetupTypeCache (302ms)
			ReleaseScriptCaches (2ms)
			RebuildScriptCaches (38ms)
			SetupLoadedEditorAssemblies (383ms)
				LogAssemblyErrors (0ms)
				InitializePlatformSupportModulesInManaged (16ms)
				SetLoadedEditorAssemblies (1ms)
				RefreshPlugins (3ms)
				BeforeProcessingInitializeOnLoad (69ms)
				ProcessInitializeOnLoadAttributes (253ms)
				ProcessInitializeOnLoadMethodAttributes (35ms)
				AfterProcessingInitializeOnLoad (6ms)
				EditorAssembliesLoaded (0ms)
			ExecutionOrderSort2 (0ms)
			AwakeInstancesAfterBackupRestoration (4ms)
Platform modules already initialized, skipping
Switching build target platform(19) subTarget(0) extendedPlatform(0) -> platform(13) subTarget(0) extendedPlatform(0)
Shader 'Oculus/OVRMRCameraFrameLit': fallback shader 'Alpha-Diffuse' not found
Refreshing native plugins compatible for Editor in 1.30 ms, found 13 plugins.
Preloading 1 native plugins for Editor in 0.11 ms.
Unloading 4500 Unused Serialized files (Serialized files now loaded: 0)
Unloading 139 unused Assets / (26.2 KB). Loaded Objects now: 5033.
Memory consumption went from 171.7 MB to 171.7 MB.
Total: 3.450600 ms (FindLiveObjects: 0.436400 ms CreateObjectMapping: 0.288200 ms MarkObjects: 2.646200 ms  DeleteObjects: 0.078100 ms)

AssetImportParameters requested are different than current active one (requested -> active):
  custom:video-decoder-ogg-theora: a1e56fd34408186e4bbccfd4996cb3dc -> 
  custom:container-muxer-webm: aa71ff27fc2769a1b78a27578f13a17b -> 
  custom:container-demuxer-webm: 4f35f7cbe854078d1ac9338744f61a02 -> 
  custom:video-encoder-webm-vp8: eb34c28f22e8b96e1ab97ce403110664 -> 
  custom:video-codec-MediaFoundation-h265: 746d11721c4dcdbdad8f713fa42b33f4 -> 
  custom:audio-encoder-webm-vorbis: bf7c407c2cedff20999df2af8eb42d56 -> 
  custom:framework-win-MediaFoundation: 216162199b28c13a410421893ffa2e32 -> 
  custom:container-demuxer-ogg: 62fdf1f143b41e24485cea50d1cbac27 -> 
  custom:video-decoder-webm-vp8: 9c59270c3fd7afecdb556c50c9e8de78 -> 
  custom:audio-decoder-ogg-vorbis: bf7c407c2cedff20999df2af8eb42d56 -> 
========================================================================
Received Prepare
Registering precompiled user dll's ...
Registered in 0.021064 seconds.
Begin MonoManager ReloadAssembly
Symbol file LoadedFromMemory doesn't match image C:\Users\christopher\Documents\GitHub\ApplicationVR\Library\PackageCache\com.unity.visualscripting@1.7.6\Editor\VisualScripting.Core\Dependencies\DotNetZip\Unity.VisualScripting.IonicZip.dll
Symbol file LoadedFromMemory doesn't match image C:\Users\christopher\Documents\GitHub\ApplicationVR\Library\PackageCache\com.unity.visualscripting@1.7.6\Editor\VisualScripting.Core\Dependencies\YamlDotNet\Unity.VisualScripting.YamlDotNet.dll
Native extension for WindowsStandalone target not found
Native extension for WebGL target not found
Refreshing native plugins compatible for Editor in 1.30 ms, found 13 plugins.
Preloading 1 native plugins for Editor in 0.12 ms.
Mono: successfully reloaded assembly
- Completed reload, in  1.226 seconds
Domain Reload Profiling:
	ReloadAssembly (1227ms)
		BeginReloadAssembly (215ms)
			ExecutionOrderSort (0ms)
			DisableScriptedObjects (6ms)
			BackupInstance (0ms)
			ReleaseScriptingObjects (0ms)
			CreateAndSetChildDomain (49ms)
		EndReloadAssembly (909ms)
			LoadAssemblies (166ms)
			RebuildTransferFunctionScriptingTraits (0ms)
			SetupTypeCache (298ms)
			ReleaseScriptCaches (2ms)
			RebuildScriptCaches (43ms)
			SetupLoadedEditorAssemblies (384ms)
				LogAssemblyErrors (0ms)
				InitializePlatformSupportModulesInManaged (12ms)
				SetLoadedEditorAssemblies (0ms)
				RefreshPlugins (1ms)
				BeforeProcessingInitializeOnLoad (72ms)
				ProcessInitializeOnLoadAttributes (259ms)
				ProcessInitializeOnLoadMethodAttributes (31ms)
				AfterProcessingInitializeOnLoad (7ms)
				EditorAssembliesLoaded (0ms)
			ExecutionOrderSort2 (0ms)
			AwakeInstancesAfterBackupRestoration (4ms)
Platform modules already initialized, skipping
Switching build target platform(19) subTarget(0) extendedPlatform(0) -> platform(13) subTarget(0) extendedPlatform(0)
Shader 'Oculus/OVRMRCameraFrameLit': fallback shader 'Alpha-Diffuse' not found
Refreshing native plugins compatible for Editor in 1.47 ms, found 13 plugins.
Preloading 1 native plugins for Editor in 0.12 ms.
Unloading 4500 Unused Serialized files (Serialized files now loaded: 0)
Unloading 139 unused Assets / (26.3 KB). Loaded Objects now: 5036.
Memory consumption went from 171.7 MB to 171.7 MB.
Total: 3.963600 ms (FindLiveObjects: 0.588700 ms CreateObjectMapping: 0.499000 ms MarkObjects: 2.802700 ms  DeleteObjects: 0.071500 ms)

AssetImportParameters requested are different than current active one (requested -> active):
  custom:video-decoder-ogg-theora: a1e56fd34408186e4bbccfd4996cb3dc -> 
  custom:container-muxer-webm: aa71ff27fc2769a1b78a27578f13a17b -> 
  custom:container-demuxer-webm: 4f35f7cbe854078d1ac9338744f61a02 -> 
  custom:video-encoder-webm-vp8: eb34c28f22e8b96e1ab97ce403110664 -> 
  custom:video-codec-MediaFoundation-h265: 746d11721c4dcdbdad8f713fa42b33f4 -> 
  custom:audio-encoder-webm-vorbis: bf7c407c2cedff20999df2af8eb42d56 -> 
  custom:framework-win-MediaFoundation: 216162199b28c13a410421893ffa2e32 -> 
  custom:container-demuxer-ogg: 62fdf1f143b41e24485cea50d1cbac27 -> 
  custom:video-decoder-webm-vp8: 9c59270c3fd7afecdb556c50c9e8de78 -> 
  custom:audio-decoder-ogg-vorbis: bf7c407c2cedff20999df2af8eb42d56 -> 
========================================================================
Received Prepare
Registering precompiled user dll's ...
Registered in 0.021373 seconds.
Begin MonoManager ReloadAssembly
Symbol file LoadedFromMemory doesn't match image C:\Users\christopher\Documents\GitHub\ApplicationVR\Library\PackageCache\com.unity.visualscripting@1.7.6\Editor\VisualScripting.Core\Dependencies\DotNetZip\Unity.VisualScripting.IonicZip.dll
Symbol file LoadedFromMemory doesn't match image C:\Users\christopher\Documents\GitHub\ApplicationVR\Library\PackageCache\com.unity.visualscripting@1.7.6\Editor\VisualScripting.Core\Dependencies\YamlDotNet\Unity.VisualScripting.YamlDotNet.dll
Native extension for WindowsStandalone target not found
Native extension for WebGL target not found
Refreshing native plugins compatible for Editor in 1.95 ms, found 13 plugins.
Preloading 1 native plugins for Editor in 0.11 ms.
Mono: successfully reloaded assembly
- Completed reload, in  1.443 seconds
Domain Reload Profiling:
	ReloadAssembly (1444ms)
		BeginReloadAssembly (201ms)
			ExecutionOrderSort (0ms)
			DisableScriptedObjects (4ms)
			BackupInstance (0ms)
			ReleaseScriptingObjects (0ms)
			CreateAndSetChildDomain (40ms)
		EndReloadAssembly (1122ms)
			LoadAssemblies (191ms)
			RebuildTransferFunctionScriptingTraits (0ms)
			SetupTypeCache (364ms)
			ReleaseScriptCaches (2ms)
			RebuildScriptCaches (53ms)
			SetupLoadedEditorAssemblies (460ms)
				LogAssemblyErrors (0ms)
				InitializePlatformSupportModulesInManaged (15ms)
				SetLoadedEditorAssemblies (0ms)
				RefreshPlugins (2ms)
				BeforeProcessingInitializeOnLoad (83ms)
				ProcessInitializeOnLoadAttributes (310ms)
				ProcessInitializeOnLoadMethodAttributes (41ms)
				AfterProcessingInitializeOnLoad (8ms)
				EditorAssembliesLoaded (0ms)
			ExecutionOrderSort2 (0ms)
			AwakeInstancesAfterBackupRestoration (5ms)
Platform modules already initialized, skipping
Switching build target platform(19) subTarget(0) extendedPlatform(0) -> platform(13) subTarget(0) extendedPlatform(0)
Shader 'Oculus/OVRMRCameraFrameLit': fallback shader 'Alpha-Diffuse' not found
Refreshing native plugins compatible for Editor in 1.35 ms, found 13 plugins.
Preloading 1 native plugins for Editor in 0.12 ms.
Unloading 4500 Unused Serialized files (Serialized files now loaded: 0)
Unloading 70 unused Assets / (26.2 KB). Loaded Objects now: 5039.
Memory consumption went from 171.6 MB to 171.5 MB.
Total: 3.902000 ms (FindLiveObjects: 0.476400 ms CreateObjectMapping: 0.390600 ms MarkObjects: 2.960600 ms  DeleteObjects: 0.073000 ms)

AssetImportParameters requested are different than current active one (requested -> active):
  custom:video-decoder-ogg-theora: a1e56fd34408186e4bbccfd4996cb3dc -> 
  custom:container-muxer-webm: aa71ff27fc2769a1b78a27578f13a17b -> 
  custom:container-demuxer-webm: 4f35f7cbe854078d1ac9338744f61a02 -> 
  custom:video-encoder-webm-vp8: eb34c28f22e8b96e1ab97ce403110664 -> 
  custom:video-codec-MediaFoundation-h265: 746d11721c4dcdbdad8f713fa42b33f4 -> 
  custom:audio-encoder-webm-vorbis: bf7c407c2cedff20999df2af8eb42d56 -> 
  custom:framework-win-MediaFoundation: 216162199b28c13a410421893ffa2e32 -> 
  custom:container-demuxer-ogg: 62fdf1f143b41e24485cea50d1cbac27 -> 
  custom:video-decoder-webm-vp8: 9c59270c3fd7afecdb556c50c9e8de78 -> 
  custom:audio-decoder-ogg-vorbis: bf7c407c2cedff20999df2af8eb42d56 -> 
========================================================================
Received Prepare
Shader 'Oculus/OVRMRCameraFrameLit': fallback shader 'Alpha-Diffuse' not found
Refreshing native plugins compatible for Editor in 35.01 ms, found 13 plugins.
Preloading 1 native plugins for Editor in 0.12 ms.
Unloading 67 Unused Serialized files (Serialized files now loaded: 0)
Unloading 67 unused Assets / (23.5 KB). Loaded Objects now: 5039.
Memory consumption went from 82.9 MB to 82.9 MB.
Total: 6.906000 ms (FindLiveObjects: 0.551400 ms CreateObjectMapping: 0.377800 ms MarkObjects: 5.925100 ms  DeleteObjects: 0.050300 ms)

AssetImportParameters requested are different than current active one (requested -> active):
  custom:video-decoder-ogg-theora: a1e56fd34408186e4bbccfd4996cb3dc -> 
  custom:container-muxer-webm: aa71ff27fc2769a1b78a27578f13a17b -> 
  custom:container-demuxer-webm: 4f35f7cbe854078d1ac9338744f61a02 -> 
  custom:video-encoder-webm-vp8: eb34c28f22e8b96e1ab97ce403110664 -> 
  custom:video-codec-MediaFoundation-h265: 746d11721c4dcdbdad8f713fa42b33f4 -> 
  custom:audio-encoder-webm-vorbis: bf7c407c2cedff20999df2af8eb42d56 -> 
  custom:framework-win-MediaFoundation: 216162199b28c13a410421893ffa2e32 -> 
  custom:container-demuxer-ogg: 62fdf1f143b41e24485cea50d1cbac27 -> 
  custom:video-decoder-webm-vp8: 9c59270c3fd7afecdb556c50c9e8de78 -> 
  custom:audio-decoder-ogg-vorbis: bf7c407c2cedff20999df2af8eb42d56 -> 
========================================================================
Received Prepare
Shader 'Oculus/OVRMRCameraFrameLit': fallback shader 'Alpha-Diffuse' not found
Refreshing native plugins compatible for Editor in 32.33 ms, found 13 plugins.
Preloading 1 native plugins for Editor in 0.11 ms.
Unloading 67 Unused Serialized files (Serialized files now loaded: 0)
Unloading 67 unused Assets / (23.5 KB). Loaded Objects now: 5039.
Memory consumption went from 82.9 MB to 82.9 MB.
Total: 3.818900 ms (FindLiveObjects: 0.438100 ms CreateObjectMapping: 0.286400 ms MarkObjects: 3.056600 ms  DeleteObjects: 0.036600 ms)

AssetImportParameters requested are different than current active one (requested -> active):
  custom:video-decoder-ogg-theora: a1e56fd34408186e4bbccfd4996cb3dc -> 
  custom:container-muxer-webm: aa71ff27fc2769a1b78a27578f13a17b -> 
  custom:container-demuxer-webm: 4f35f7cbe854078d1ac9338744f61a02 -> 
  custom:video-encoder-webm-vp8: eb34c28f22e8b96e1ab97ce403110664 -> 
  custom:video-codec-MediaFoundation-h265: 746d11721c4dcdbdad8f713fa42b33f4 -> 
  custom:audio-encoder-webm-vorbis: bf7c407c2cedff20999df2af8eb42d56 -> 
  custom:framework-win-MediaFoundation: 216162199b28c13a410421893ffa2e32 -> 
  custom:container-demuxer-ogg: 62fdf1f143b41e24485cea50d1cbac27 -> 
  custom:video-decoder-webm-vp8: 9c59270c3fd7afecdb556c50c9e8de78 -> 
  custom:audio-decoder-ogg-vorbis: bf7c407c2cedff20999df2af8eb42d56 -> 
========================================================================
Received Import Request.
  Time since last request: 632.504632 seconds.
  path: Assets/NextMindSDK/Examples/Calibration/Calibration_VR.unity
  artifactKey: Guid(94d1cc1a52c7b364790f4bcc71149a03) Importer(815301076,1909f56bfc062723c751e8b465ee728b)
Start importing Assets/NextMindSDK/Examples/Calibration/Calibration_VR.unity using Guid(94d1cc1a52c7b364790f4bcc71149a03) Importer(815301076,1909f56bfc062723c751e8b465ee728b)  -> (artifact id: 'fa5ee51e8e36375bd18abe42cf40b41a') in 0.039732 seconds 
========================================================================
Received Import Request.
  Time since last request: 2.516313 seconds.
  path: Assets/NextMindSDK/Examples/Calibration/Calibration_SRP.unity
  artifactKey: Guid(6cf2caff4021f00419d361f0b7ce213e) Importer(815301076,1909f56bfc062723c751e8b465ee728b)
Start importing Assets/NextMindSDK/Examples/Calibration/Calibration_SRP.unity using Guid(6cf2caff4021f00419d361f0b7ce213e) Importer(815301076,1909f56bfc062723c751e8b465ee728b)  -> (artifact id: '381eedf9ee43fcf9766c1c84f34ab458') in 0.007123 seconds 
========================================================================
Received Import Request.
  Time since last request: 1.916462 seconds.
  path: Assets/NextMindSDK/Examples/Calibration/Calibration.unity
  artifactKey: Guid(7ca228870b8a84b409095067aeb1296f) Importer(815301076,1909f56bfc062723c751e8b465ee728b)
Start importing Assets/NextMindSDK/Examples/Calibration/Calibration.unity using Guid(7ca228870b8a84b409095067aeb1296f) Importer(815301076,1909f56bfc062723c751e8b465ee728b)  -> (artifact id: '0550791c2daaa9826ac2a271313e23ac') in 0.006615 seconds 
========================================================================
Received Import Request.
  Time since last request: 9.195833 seconds.
  path: Assets/NextMindSDK/Examples/NeuroTagGallery/NeuroTagGallery.unity
  artifactKey: Guid(6cb7b0aa299a00448aceaf59bb5df2c4) Importer(815301076,1909f56bfc062723c751e8b465ee728b)
Start importing Assets/NextMindSDK/Examples/NeuroTagGallery/NeuroTagGallery.unity using Guid(6cb7b0aa299a00448aceaf59bb5df2c4) Importer(815301076,1909f56bfc062723c751e8b465ee728b)  -> (artifact id: 'b75f1de9c1e7c03737e3292ef0169bb5') in 0.006520 seconds 
========================================================================
Received Import Request.
  Time since last request: 5.871708 seconds.
  path: Assets/NextMindSDK/Examples/SDKDiscovery/SDKDiscovery.unity
  artifactKey: Guid(d45fe7d03f5903e45802ee75a10c3b95) Importer(815301076,1909f56bfc062723c751e8b465ee728b)
Start importing Assets/NextMindSDK/Examples/SDKDiscovery/SDKDiscovery.unity using Guid(d45fe7d03f5903e45802ee75a10c3b95) Importer(815301076,1909f56bfc062723c751e8b465ee728b)  -> (artifact id: 'cf1bba72ccd494174a433a0df6b646f5') in 0.006952 seconds 
========================================================================
Received Prepare
Shader 'Oculus/OVRMRCameraFrameLit': fallback shader 'Alpha-Diffuse' not found
Refreshing native plugins compatible for Editor in 28.30 ms, found 13 plugins.
Preloading 1 native plugins for Editor in 0.11 ms.
Unloading 67 Unused Serialized files (Serialized files now loaded: 0)
Unloading 67 unused Assets / (23.5 KB). Loaded Objects now: 5039.
Memory consumption went from 83.0 MB to 82.9 MB.
Total: 3.562300 ms (FindLiveObjects: 0.424900 ms CreateObjectMapping: 0.257800 ms MarkObjects: 2.845300 ms  DeleteObjects: 0.033400 ms)

AssetImportParameters requested are different than current active one (requested -> active):
  custom:video-decoder-ogg-theora: a1e56fd34408186e4bbccfd4996cb3dc -> 
  custom:container-muxer-webm: aa71ff27fc2769a1b78a27578f13a17b -> 
  custom:container-demuxer-webm: 4f35f7cbe854078d1ac9338744f61a02 -> 
  custom:video-encoder-webm-vp8: eb34c28f22e8b96e1ab97ce403110664 -> 
  custom:video-codec-MediaFoundation-h265: 746d11721c4dcdbdad8f713fa42b33f4 -> 
  custom:audio-encoder-webm-vorbis: bf7c407c2cedff20999df2af8eb42d56 -> 
  custom:framework-win-MediaFoundation: 216162199b28c13a410421893ffa2e32 -> 
  custom:container-demuxer-ogg: 62fdf1f143b41e24485cea50d1cbac27 -> 
  custom:video-decoder-webm-vp8: 9c59270c3fd7afecdb556c50c9e8de78 -> 
  custom:audio-decoder-ogg-vorbis: bf7c407c2cedff20999df2af8eb42d56 -> 
========================================================================
Received Import Request.
  Time since last request: 149.341531 seconds.
  path: Assets/Plugins/Android
  artifactKey: Guid(735ef7a7fa980754f854d9592123626f) Importer(815301076,1909f56bfc062723c751e8b465ee728b)
Start importing Assets/Plugins/Android using Guid(735ef7a7fa980754f854d9592123626f) Importer(815301076,1909f56bfc062723c751e8b465ee728b)  -> (artifact id: '7f400fabddc64eec33f24169f76281b0') in 0.007046 seconds 
========================================================================
Received Prepare
Shader 'Oculus/OVRMRCameraFrameLit': fallback shader 'Alpha-Diffuse' not found
Refreshing native plugins compatible for Editor in 33.19 ms, found 13 plugins.
Preloading 1 native plugins for Editor in 0.10 ms.
Unloading 67 Unused Serialized files (Serialized files now loaded: 0)
Unloading 67 unused Assets / (23.5 KB). Loaded Objects now: 5039.
Memory consumption went from 83.0 MB to 82.9 MB.
Total: 4.360800 ms (FindLiveObjects: 0.428400 ms CreateObjectMapping: 0.249200 ms MarkObjects: 3.648700 ms  DeleteObjects: 0.033600 ms)

AssetImportParameters requested are different than current active one (requested -> active):
  custom:video-decoder-ogg-theora: a1e56fd34408186e4bbccfd4996cb3dc -> 
  custom:container-muxer-webm: aa71ff27fc2769a1b78a27578f13a17b -> 
  custom:container-demuxer-webm: 4f35f7cbe854078d1ac9338744f61a02 -> 
  custom:video-encoder-webm-vp8: eb34c28f22e8b96e1ab97ce403110664 -> 
  custom:video-codec-MediaFoundation-h265: 746d11721c4dcdbdad8f713fa42b33f4 -> 
  custom:audio-encoder-webm-vorbis: bf7c407c2cedff20999df2af8eb42d56 -> 
  custom:framework-win-MediaFoundation: 216162199b28c13a410421893ffa2e32 -> 
  custom:container-demuxer-ogg: 62fdf1f143b41e24485cea50d1cbac27 -> 
  custom:video-decoder-webm-vp8: 9c59270c3fd7afecdb556c50c9e8de78 -> 
  custom:audio-decoder-ogg-vorbis: bf7c407c2cedff20999df2af8eb42d56 -> 
========================================================================
Received Import Request.
  Time since last request: 97.121294 seconds.
  path: Assets/NextMindSDK/Examples/NextMind.UnitySDK.Examples.asmdef
  artifactKey: Guid(778db4894d38e1a4f8be0ca63b7c25b6) Importer(815301076,1909f56bfc062723c751e8b465ee728b)
Start importing Assets/NextMindSDK/Examples/NextMind.UnitySDK.Examples.asmdef using Guid(778db4894d38e1a4f8be0ca63b7c25b6) Importer(815301076,1909f56bfc062723c751e8b465ee728b)  -> (artifact id: '2d7c290189ba9e6f9d76d4a3e05b7ca5') in 0.009649 seconds 
========================================================================
Received Import Request.
  Time since last request: 98.111255 seconds.
  path: Assets/Oculus/VR
  artifactKey: Guid(96361710624962448aa2c20c03ea80e3) Importer(815301076,1909f56bfc062723c751e8b465ee728b)
Start importing Assets/Oculus/VR using Guid(96361710624962448aa2c20c03ea80e3) Importer(815301076,1909f56bfc062723c751e8b465ee728b)  -> (artifact id: '3d8475b3dd16e053eea3017566edc928') in 0.005523 seconds 
========================================================================
Received Import Request.
  Time since last request: 0.052575 seconds.
  path: Assets/Oculus/VR/Oculus.VR.asmdef
  artifactKey: Guid(f64c9ebcd7899c3448a08dc9f9ddbe30) Importer(815301076,1909f56bfc062723c751e8b465ee728b)
Start importing Assets/Oculus/VR/Oculus.VR.asmdef using Guid(f64c9ebcd7899c3448a08dc9f9ddbe30) Importer(815301076,1909f56bfc062723c751e8b465ee728b)  -> (artifact id: 'e643bba1df3a5823bb70c503cfadd886') in 0.008200 seconds 
========================================================================
Received Import Request.
  Time since last request: 1.128023 seconds.
  path: Assets/Oculus/VR/Scenes
  artifactKey: Guid(68bc04068edcc1a4d89699ab4e2e69ae) Importer(815301076,1909f56bfc062723c751e8b465ee728b)
Start importing Assets/Oculus/VR/Scenes using Guid(68bc04068edcc1a4d89699ab4e2e69ae) Importer(815301076,1909f56bfc062723c751e8b465ee728b)  -> (artifact id: '5d8716753b23a36e73b138270a36894b') in 0.004303 seconds 
========================================================================
Received Prepare
Registering precompiled user dll's ...
Registered in 0.030710 seconds.
Begin MonoManager ReloadAssembly
Symbol file LoadedFromMemory doesn't match image C:\Users\christopher\Documents\GitHub\ApplicationVR\Library\PackageCache\com.unity.visualscripting@1.7.6\Editor\VisualScripting.Core\Dependencies\DotNetZip\Unity.VisualScripting.IonicZip.dll
Symbol file LoadedFromMemory doesn't match image C:\Users\christopher\Documents\GitHub\ApplicationVR\Library\PackageCache\com.unity.visualscripting@1.7.6\Editor\VisualScripting.Core\Dependencies\YamlDotNet\Unity.VisualScripting.YamlDotNet.dll
Native extension for WindowsStandalone target not found
Native extension for WebGL target not found
Refreshing native plugins compatible for Editor in 1.34 ms, found 13 plugins.
Preloading 1 native plugins for Editor in 0.16 ms.
Mono: successfully reloaded assembly
- Completed reload, in  1.349 seconds
Domain Reload Profiling:
	ReloadAssembly (1350ms)
		BeginReloadAssembly (205ms)
			ExecutionOrderSort (0ms)
			DisableScriptedObjects (5ms)
			BackupInstance (0ms)
			ReleaseScriptingObjects (0ms)
			CreateAndSetChildDomain (44ms)
		EndReloadAssembly (1042ms)
			LoadAssemblies (175ms)
			RebuildTransferFunctionScriptingTraits (0ms)
			SetupTypeCache (333ms)
			ReleaseScriptCaches (2ms)
			RebuildScriptCaches (47ms)
			SetupLoadedEditorAssemblies (435ms)
				LogAssemblyErrors (0ms)
				InitializePlatformSupportModulesInManaged (14ms)
				SetLoadedEditorAssemblies (0ms)
				RefreshPlugins (2ms)
				BeforeProcessingInitializeOnLoad (83ms)
				ProcessInitializeOnLoadAttributes (292ms)
				ProcessInitializeOnLoadMethodAttributes (36ms)
				AfterProcessingInitializeOnLoad (8ms)
				EditorAssembliesLoaded (0ms)
			ExecutionOrderSort2 (0ms)
			AwakeInstancesAfterBackupRestoration (5ms)
Platform modules already initialized, skipping
Switching build target platform(19) subTarget(0) extendedPlatform(0) -> platform(13) subTarget(0) extendedPlatform(0)
Shader 'Oculus/OVRMRCameraFrameLit': fallback shader 'Alpha-Diffuse' not found
Refreshing native plugins compatible for Editor in 2.05 ms, found 13 plugins.
Preloading 1 native plugins for Editor in 0.16 ms.
Unloading 4500 Unused Serialized files (Serialized files now loaded: 0)
Unloading 70 unused Assets / (26.3 KB). Loaded Objects now: 5042.
Memory consumption went from 171.4 MB to 171.4 MB.
Total: 3.795800 ms (FindLiveObjects: 0.475300 ms CreateObjectMapping: 0.369800 ms MarkObjects: 2.899900 ms  DeleteObjects: 0.048800 ms)

AssetImportParameters requested are different than current active one (requested -> active):
  custom:video-decoder-ogg-theora: a1e56fd34408186e4bbccfd4996cb3dc -> 
  custom:container-muxer-webm: aa71ff27fc2769a1b78a27578f13a17b -> 
  custom:container-demuxer-webm: 4f35f7cbe854078d1ac9338744f61a02 -> 
  custom:video-encoder-webm-vp8: eb34c28f22e8b96e1ab97ce403110664 -> 
  custom:video-codec-MediaFoundation-h265: 746d11721c4dcdbdad8f713fa42b33f4 -> 
  custom:audio-encoder-webm-vorbis: bf7c407c2cedff20999df2af8eb42d56 -> 
  custom:framework-win-MediaFoundation: 216162199b28c13a410421893ffa2e32 -> 
  custom:container-demuxer-ogg: 62fdf1f143b41e24485cea50d1cbac27 -> 
  custom:video-decoder-webm-vp8: 9c59270c3fd7afecdb556c50c9e8de78 -> 
  custom:audio-decoder-ogg-vorbis: bf7c407c2cedff20999df2af8eb42d56 -> 
========================================================================
Received Import Request.
  Time since last request: 133.199392 seconds.
  path: Assets/Oculus/SampleFramework/Usage/DistanceGrab/Materials/Ball03WithOutline.mat
  artifactKey: Guid(9cba9da727fd742f5b4083909359be0f) Importer(815301076,1909f56bfc062723c751e8b465ee728b)
Start importing Assets/Oculus/SampleFramework/Usage/DistanceGrab/Materials/Ball03WithOutline.mat using Guid(9cba9da727fd742f5b4083909359be0f) Importer(815301076,1909f56bfc062723c751e8b465ee728b)  -> (artifact id: '4410f529cc1b60f043411ce337c1c499') in 0.163723 seconds 
========================================================================
Received Import Request.
  Time since last request: 0.000026 seconds.
  path: Assets/TextMesh Pro/Examples & Extras/Textures/Brushed Metal 3.jpg
  artifactKey: Guid(f88677df267a41d6be1e7a6133e7d227) Importer(815301076,1909f56bfc062723c751e8b465ee728b)
Start importing Assets/TextMesh Pro/Examples & Extras/Textures/Brushed Metal 3.jpg using Guid(f88677df267a41d6be1e7a6133e7d227) Importer(815301076,1909f56bfc062723c751e8b465ee728b)  -> (artifact id: '457fe8fd9b6e3e485df880ca26adec3c') in 0.043457 seconds 
Editor requested this worker to shutdown with reason: Scaling down because of idle timeout
AssetImportWorker is now disconnected from the server
Process exiting
Exiting without the bug reporter. Application will terminate with return code 0