Using pre-set license
Built from '2021.2/staging' branch; Version is '2021.2.8f1 (d0e5f0a7b06a) revision 13690352'; Using compiler version '192829333'; Build Type 'Release'
OS: 'Windows 10  (10.0.19042) 64bit ProfessionalWorkstation' Language: 'fr' Physical Memory: 32313 MB
BatchMode: 1, IsHumanControllingUs: 0, StartBugReporterOnCrash: 0, Is64bit: 1, IsPro: 0

COMMAND LINE ARGUMENTS:
C:\Program Files\Unity\Hub\Editor\2021.2.8f1\Editor\Unity.exe
-adb2
-batchMode
-noUpm
-name
AssetImportWorker0
-projectPath
C:/Users/christopher/Documents/GitHub/ApplicationVR
-logFile
Logs/AssetImportWorker0.log
-srvPort
62020
Successfully changed project path to: C:/Users/christopher/Documents/GitHub/ApplicationVR
C:/Users/christopher/Documents/GitHub/ApplicationVR
[UnityMemory] Configuration Parameters - Can be set up in boot.config
    "memorysetup-bucket-allocator-granularity=16"
    "memorysetup-bucket-allocator-bucket-count=8"
    "memorysetup-bucket-allocator-block-size=33554432"
    "memorysetup-bucket-allocator-block-count=8"
    "memorysetup-main-allocator-block-size=16777216"
    "memorysetup-thread-allocator-block-size=16777216"
    "memorysetup-gfx-main-allocator-block-size=16777216"
    "memorysetup-gfx-thread-allocator-block-size=16777216"
    "memorysetup-cache-allocator-block-size=4194304"
    "memorysetup-typetree-allocator-block-size=2097152"
    "memorysetup-profiler-bucket-allocator-granularity=16"
    "memorysetup-profiler-bucket-allocator-bucket-count=8"
    "memorysetup-profiler-bucket-allocator-block-size=33554432"
    "memorysetup-profiler-bucket-allocator-block-count=8"
    "memorysetup-profiler-allocator-block-size=16777216"
    "memorysetup-profiler-editor-allocator-block-size=1048576"
    "memorysetup-temp-allocator-size-main=16777216"
    "memorysetup-job-temp-allocator-block-size=2097152"
    "memorysetup-job-temp-allocator-block-size-background=1048576"
    "memorysetup-job-temp-allocator-reduction-small-platforms=262144"
    "memorysetup-temp-allocator-size-background-worker=32768"
    "memorysetup-temp-allocator-size-job-worker=262144"
    "memorysetup-temp-allocator-size-preload-manager=33554432"
    "memorysetup-temp-allocator-size-nav-mesh-worker=65536"
    "memorysetup-temp-allocator-size-audio-worker=65536"
    "memorysetup-temp-allocator-size-cloud-worker=32768"
    "memorysetup-temp-allocator-size-gi-baking-worker=262144"
    "memorysetup-temp-allocator-size-gfx=262144"
Refreshing native plugins compatible for Editor in 172.86 ms, found 13 plugins.
Preloading 1 native plugins for Editor in 1.31 ms.
Initialize engine version: 2021.2.8f1 (d0e5f0a7b06a)
[Subsystems] Discovering subsystems at path C:/Program Files/Unity/Hub/Editor/2021.2.8f1/Editor/Data/Resources/UnitySubsystems
[Subsystems] Discovering subsystems at path C:/Users/christopher/Documents/GitHub/ApplicationVR/Assets
GfxDevice: creating device client; threaded=0; jobified=0
Direct3D:
    Version:  Direct3D 11.0 [level 11.1]
    Renderer: NVIDIA Quadro P2200 (ID=0x1c31)
    Vendor:   NVIDIA
    VRAM:     5030 MB
    Driver:   27.21.14.6647
Shader 'Oculus/OVRMRCameraFrameLit': fallback shader 'Alpha-Diffuse' not found
Initialize mono
Mono path[0] = 'C:/Program Files/Unity/Hub/Editor/2021.2.8f1/Editor/Data/Managed'
Mono path[1] = 'C:/Program Files/Unity/Hub/Editor/2021.2.8f1/Editor/Data/MonoBleedingEdge/lib/mono/unityjit-win32'
Mono config path = 'C:/Program Files/Unity/Hub/Editor/2021.2.8f1/Editor/Data/MonoBleedingEdge/etc'
Using monoOptions --debugger-agent=transport=dt_socket,embedding=1,server=y,suspend=n,address=127.0.0.1:56248
Begin MonoManager ReloadAssembly
Registering precompiled unity dll's ...
Register platform support module: C:/Program Files/Unity/Hub/Editor/2021.2.8f1/Editor/Data/PlaybackEngines/WindowsStandaloneSupport/UnityEditor.WindowsStandalone.Extensions.dll
Registered in 0.005678 seconds.
Native extension for WindowsStandalone target not found
Refreshing native plugins compatible for Editor in 121.02 ms, found 13 plugins.
Preloading 1 native plugins for Editor in 0.13 ms.
Mono: successfully reloaded assembly
- Completed reload, in  0.818 seconds
Domain Reload Profiling:
	ReloadAssembly (819ms)
		BeginReloadAssembly (167ms)
			ExecutionOrderSort (0ms)
			DisableScriptedObjects (0ms)
			BackupInstance (0ms)
			ReleaseScriptingObjects (0ms)
			CreateAndSetChildDomain (1ms)
		EndReloadAssembly (574ms)
			LoadAssemblies (167ms)
			RebuildTransferFunctionScriptingTraits (0ms)
			SetupTypeCache (121ms)
			ReleaseScriptCaches (0ms)
			RebuildScriptCaches (25ms)
			SetupLoadedEditorAssemblies (369ms)
				LogAssemblyErrors (0ms)
				InitializePlatformSupportModulesInManaged (18ms)
				SetLoadedEditorAssemblies (0ms)
				RefreshPlugins (121ms)
				BeforeProcessingInitializeOnLoad (1ms)
				ProcessInitializeOnLoadAttributes (172ms)
				ProcessInitializeOnLoadMethodAttributes (57ms)
				AfterProcessingInitializeOnLoad (0ms)
				EditorAssembliesLoaded (0ms)
			ExecutionOrderSort2 (0ms)
			AwakeInstancesAfterBackupRestoration (0ms)
Platform modules already initialized, skipping
Registering precompiled user dll's ...
Registered in 0.023041 seconds.
Begin MonoManager ReloadAssembly
Symbol file LoadedFromMemory doesn't match image C:\Users\christopher\Documents\GitHub\ApplicationVR\Library\PackageCache\com.unity.visualscripting@1.7.6\Editor\VisualScripting.Core\Dependencies\DotNetZip\Unity.VisualScripting.IonicZip.dll
Symbol file LoadedFromMemory doesn't match image C:\Users\christopher\Documents\GitHub\ApplicationVR\Library\PackageCache\com.unity.visualscripting@1.7.6\Editor\VisualScripting.Core\Dependencies\YamlDotNet\Unity.VisualScripting.YamlDotNet.dll
Native extension for WindowsStandalone target not found
Refreshing native plugins compatible for Editor in 107.13 ms, found 13 plugins.
Preloading 1 native plugins for Editor in 0.11 ms.
Package Manager log level set to [2]
[XR] OculusXRPlugin: registering subsystems
[XR] Unable to register display lifecyle provider: [1]
[XR] Oculus Input lifecycle provider registered.
[XR] Unable to register input lifecyle provider: [1]
[XR] OVRP version 1.67.0
Mono: successfully reloaded assembly
- Completed reload, in  1.489 seconds
Domain Reload Profiling:
	ReloadAssembly (1490ms)
		BeginReloadAssembly (210ms)
			ExecutionOrderSort (0ms)
			DisableScriptedObjects (5ms)
			BackupInstance (0ms)
			ReleaseScriptingObjects (0ms)
			CreateAndSetChildDomain (30ms)
		EndReloadAssembly (1172ms)
			LoadAssemblies (223ms)
			RebuildTransferFunctionScriptingTraits (0ms)
			SetupTypeCache (311ms)
			ReleaseScriptCaches (1ms)
			RebuildScriptCaches (84ms)
			SetupLoadedEditorAssemblies (601ms)
				LogAssemblyErrors (0ms)
				InitializePlatformSupportModulesInManaged (15ms)
				SetLoadedEditorAssemblies (0ms)
				RefreshPlugins (107ms)
				BeforeProcessingInitializeOnLoad (91ms)
				ProcessInitializeOnLoadAttributes (338ms)
				ProcessInitializeOnLoadMethodAttributes (42ms)
				AfterProcessingInitializeOnLoad (7ms)
				EditorAssembliesLoaded (0ms)
			ExecutionOrderSort2 (0ms)
			AwakeInstancesAfterBackupRestoration (4ms)
Platform modules already initialized, skipping
========================================================================
Worker process is ready to serve import requests
Shader 'Oculus/OVRMRCameraFrameLit': fallback shader 'Alpha-Diffuse' not found
Launched and connected shader compiler UnityShaderCompiler.exe after 0.06 seconds
Refreshing native plugins compatible for Editor in 1.19 ms, found 13 plugins.
Preloading 1 native plugins for Editor in 0.11 ms.
Unloading 4587 Unused Serialized files (Serialized files now loaded: 0)
Unloading 76 unused Assets / (34.0 KB). Loaded Objects now: 5025.
Memory consumption went from 178.6 MB to 178.6 MB.
Total: 3.670300 ms (FindLiveObjects: 0.450900 ms CreateObjectMapping: 0.312500 ms MarkObjects: 2.852900 ms  DeleteObjects: 0.052300 ms)

AssetImportParameters requested are different than current active one (requested -> active):
  custom:video-decoder-ogg-theora: a1e56fd34408186e4bbccfd4996cb3dc -> 
  custom:container-muxer-webm: aa71ff27fc2769a1b78a27578f13a17b -> 
  custom:container-demuxer-webm: 4f35f7cbe854078d1ac9338744f61a02 -> 
  custom:video-encoder-webm-vp8: eb34c28f22e8b96e1ab97ce403110664 -> 
  custom:video-codec-MediaFoundation-h265: 746d11721c4dcdbdad8f713fa42b33f4 -> 
  custom:audio-encoder-webm-vorbis: bf7c407c2cedff20999df2af8eb42d56 -> 
  custom:framework-win-MediaFoundation: 216162199b28c13a410421893ffa2e32 -> 
  custom:container-demuxer-ogg: 62fdf1f143b41e24485cea50d1cbac27 -> 
  custom:video-decoder-webm-vp8: 9c59270c3fd7afecdb556c50c9e8de78 -> 
  custom:audio-decoder-ogg-vorbis: bf7c407c2cedff20999df2af8eb42d56 -> 
========================================================================
Received Import Request.
  Time since last request: 7418.894890 seconds.
  path: Assets/NextMindSDK/Examples/SDKDiscovery/Materials/TrailMaterial.mat
  artifactKey: Guid(26ed3b68a0b8af643b2b1762e2439c3e) Importer(815301076,1909f56bfc062723c751e8b465ee728b)
Start importing Assets/NextMindSDK/Examples/SDKDiscovery/Materials/TrailMaterial.mat using Guid(26ed3b68a0b8af643b2b1762e2439c3e) Importer(815301076,1909f56bfc062723c751e8b465ee728b)  -> (artifact id: 'f428ca6c7179afab79a530231c58b150') in 0.112271 seconds 
========================================================================
Received Import Request.
  Time since last request: 0.000027 seconds.
  path: Assets/Oculus/SampleFramework/Usage/OVROverlay/Materials/Tile_Mat_Lost.mat
  artifactKey: Guid(91e0b34c2b2f4e044921cd8113d0d663) Importer(815301076,1909f56bfc062723c751e8b465ee728b)
Start importing Assets/Oculus/SampleFramework/Usage/OVROverlay/Materials/Tile_Mat_Lost.mat using Guid(91e0b34c2b2f4e044921cd8113d0d663) Importer(815301076,1909f56bfc062723c751e8b465ee728b)  -> (artifact id: 'e0ee0f5a4707192c8412047fa3a90d78') in 0.024976 seconds 
========================================================================
Received Import Request.
  Time since last request: 0.000023 seconds.
  path: Assets/Oculus/LipSync/Models/RobotHead_TextureFlip/Materials/sil.mat
  artifactKey: Guid(5290b3a55eaa1b7458665dc2d856c042) Importer(815301076,1909f56bfc062723c751e8b465ee728b)
Start importing Assets/Oculus/LipSync/Models/RobotHead_TextureFlip/Materials/sil.mat using Guid(5290b3a55eaa1b7458665dc2d856c042) Importer(815301076,1909f56bfc062723c751e8b465ee728b)  -> (artifact id: 'a735a602a08e607c574413f8697218af') in 0.034939 seconds 
========================================================================
Received Import Request.
  Time since last request: 0.000027 seconds.
  path: Assets/Oculus/SampleFramework/Usage/DistanceGrab/Materials/ToyBallWithOutline.mat
  artifactKey: Guid(beb3a042b07e94503947a8f63d10c46e) Importer(815301076,1909f56bfc062723c751e8b465ee728b)
Start importing Assets/Oculus/SampleFramework/Usage/DistanceGrab/Materials/ToyBallWithOutline.mat using Guid(beb3a042b07e94503947a8f63d10c46e) Importer(815301076,1909f56bfc062723c751e8b465ee728b)  -> (artifact id: 'f5fd015c21eae92b1e9761e31b15d104') in 0.024676 seconds 
========================================================================
Received Import Request.
  Time since last request: 0.000035 seconds.
  path: Assets/Oculus/SampleFramework/Usage/SharedAssets/Skyboxes/Sky_02/Skybox02.mat
  artifactKey: Guid(b709a9919bd4047b58bb05887b4faad3) Importer(815301076,1909f56bfc062723c751e8b465ee728b)
Start importing Assets/Oculus/SampleFramework/Usage/SharedAssets/Skyboxes/Sky_02/Skybox02.mat using Guid(b709a9919bd4047b58bb05887b4faad3) Importer(815301076,1909f56bfc062723c751e8b465ee728b)  -> (artifact id: '9c40d85d97b21b7cfdae8d7b0db97384') in 0.509239 seconds 
========================================================================
Received Import Request.
  Time since last request: 0.000030 seconds.
  path: Assets/NextMindSDK/Examples/SDKDiscovery/Materials/SRP/ScreenCoordStim.mat
  artifactKey: Guid(fa6550e791e98fa4f9b17dba1f91879b) Importer(815301076,1909f56bfc062723c751e8b465ee728b)
Start importing Assets/NextMindSDK/Examples/SDKDiscovery/Materials/SRP/ScreenCoordStim.mat using Guid(fa6550e791e98fa4f9b17dba1f91879b) Importer(815301076,1909f56bfc062723c751e8b465ee728b)  -> (artifact id: 'e0e31643ef9d01b79a7b3992c172b417') in 0.022652 seconds 
========================================================================
Received Import Request.
  Time since last request: 0.000032 seconds.
  path: Assets/Oculus/SampleFramework/Usage/Passthrough/Materials/SignGlow.mat
  artifactKey: Guid(4987a147e31e8044ea7e0762e6f1780a) Importer(815301076,1909f56bfc062723c751e8b465ee728b)
Start importing Assets/Oculus/SampleFramework/Usage/Passthrough/Materials/SignGlow.mat using Guid(4987a147e31e8044ea7e0762e6f1780a) Importer(815301076,1909f56bfc062723c751e8b465ee728b)  -> (artifact id: 'a00b15b2be89468ffdb20e0231a98b23') in 0.018579 seconds 
========================================================================
Received Import Request.
  Time since last request: 0.000020 seconds.
  path: Assets/Oculus/SampleFramework/Usage/HandsTrainExample/Materials/SelectionCylinderBase.mat
  artifactKey: Guid(12d9a49768b575643a552c2ce6fdc26e) Importer(815301076,1909f56bfc062723c751e8b465ee728b)
Start importing Assets/Oculus/SampleFramework/Usage/HandsTrainExample/Materials/SelectionCylinderBase.mat using Guid(12d9a49768b575643a552c2ce6fdc26e) Importer(815301076,1909f56bfc062723c751e8b465ee728b)  -> (artifact id: '87139a3c343090a422b1a32c434dadcc') in 0.024865 seconds 
========================================================================
Received Import Request.
  Time since last request: 0.000024 seconds.
  path: Assets/Oculus/SampleFramework/Core/HandsInteraction/Materials/SystemGestureHandMaterial.mat
  artifactKey: Guid(6b3381fce337f7049a8972d9356bde5e) Importer(815301076,1909f56bfc062723c751e8b465ee728b)
Start importing Assets/Oculus/SampleFramework/Core/HandsInteraction/Materials/SystemGestureHandMaterial.mat using Guid(6b3381fce337f7049a8972d9356bde5e) Importer(815301076,1909f56bfc062723c751e8b465ee728b)  -> (artifact id: '26fd744fed0fd16edc94154b2aec9934') in 0.089882 seconds 
========================================================================
Received Import Request.
  Time since last request: 0.000026 seconds.
  path: Assets/Oculus/SampleFramework/Usage/HandsTrainExample/Materials/SelectionCylinder.mat
  artifactKey: Guid(31cce59a5784d22409cb8fc86a99f275) Importer(815301076,1909f56bfc062723c751e8b465ee728b)
Start importing Assets/Oculus/SampleFramework/Usage/HandsTrainExample/Materials/SelectionCylinder.mat using Guid(31cce59a5784d22409cb8fc86a99f275) Importer(815301076,1909f56bfc062723c751e8b465ee728b)  -> (artifact id: '639dff9ff42a788612d75c532e6e5eff') in 0.017953 seconds 
========================================================================
Received Import Request.
  Time since last request: 0.000024 seconds.
  path: Assets/Oculus/SampleFramework/Usage/OVROverlay/Materials/Tile_Mat_OculusVideo.mat
  artifactKey: Guid(094be3701c9869d41b1dadbb555ee720) Importer(815301076,1909f56bfc062723c751e8b465ee728b)
Start importing Assets/Oculus/SampleFramework/Usage/OVROverlay/Materials/Tile_Mat_OculusVideo.mat using Guid(094be3701c9869d41b1dadbb555ee720) Importer(815301076,1909f56bfc062723c751e8b465ee728b)  -> (artifact id: '202a500b337a73302b2b76b3f497e313') in 0.019852 seconds 
========================================================================
Received Import Request.
  Time since last request: 0.000030 seconds.
  path: Assets/Oculus/SampleFramework/Usage/SharedAssets/Materials/SportsBottle_metal.mat
  artifactKey: Guid(e04a4300d0596db4ba52a535422513d3) Importer(815301076,1909f56bfc062723c751e8b465ee728b)
Start importing Assets/Oculus/SampleFramework/Usage/SharedAssets/Materials/SportsBottle_metal.mat using Guid(e04a4300d0596db4ba52a535422513d3) Importer(815301076,1909f56bfc062723c751e8b465ee728b)  -> (artifact id: '9227ca62b55d2ce97a5da1a25703e7e6') in 0.038348 seconds 
========================================================================
Received Import Request.
  Time since last request: 0.000021 seconds.
  path: Assets/Oculus/SampleFramework/Usage/SharedAssets/Materials/WoodBlock.mat
  artifactKey: Guid(163257dbf13bb9b4ebf2e088c4a50b1f) Importer(815301076,1909f56bfc062723c751e8b465ee728b)
Start importing Assets/Oculus/SampleFramework/Usage/SharedAssets/Materials/WoodBlock.mat using Guid(163257dbf13bb9b4ebf2e088c4a50b1f) Importer(815301076,1909f56bfc062723c751e8b465ee728b)  -> (artifact id: '37b6969a13c2f1390d85651ee574cac3') in 0.216414 seconds 
========================================================================
Received Import Request.
  Time since last request: 0.000031 seconds.
  path: Assets/Oculus/SampleFramework/Usage/OVROverlayCanvas/Materials/UI Default Correct.mat
  artifactKey: Guid(c303ccfd63b005d4bbdb8f0bbf9e834b) Importer(815301076,1909f56bfc062723c751e8b465ee728b)
Start importing Assets/Oculus/SampleFramework/Usage/OVROverlayCanvas/Materials/UI Default Correct.mat using Guid(c303ccfd63b005d4bbdb8f0bbf9e834b) Importer(815301076,1909f56bfc062723c751e8b465ee728b)  -> (artifact id: '7c8bb9bbdf5c2906e8b68f60ea1914e6') in 0.018219 seconds 
========================================================================
Received Import Request.
  Time since last request: 0.000028 seconds.
  path: Assets/TextMesh Pro/Examples & Extras/Resources/Fonts & Materials/Roboto-Bold SDF - Surface.mat
  artifactKey: Guid(e6b276ec991f467aa14ef1f3cc665993) Importer(815301076,1909f56bfc062723c751e8b465ee728b)
Start importing Assets/TextMesh Pro/Examples & Extras/Resources/Fonts & Materials/Roboto-Bold SDF - Surface.mat using Guid(e6b276ec991f467aa14ef1f3cc665993) Importer(815301076,1909f56bfc062723c751e8b465ee728b)  -> (artifact id: '5f1bbeb2e5a3d41d5f8d053f47b35ec3') in 0.118105 seconds 
========================================================================
Received Import Request.
  Time since last request: 0.000019 seconds.
  path: Assets/Oculus/SampleFramework/Usage/HandsTrainExample/Materials/SkyboxForLightbaking.mat
  artifactKey: Guid(b95594ffeaf238c46a8d575dcd72705a) Importer(815301076,1909f56bfc062723c751e8b465ee728b)
Start importing Assets/Oculus/SampleFramework/Usage/HandsTrainExample/Materials/SkyboxForLightbaking.mat using Guid(b95594ffeaf238c46a8d575dcd72705a) Importer(815301076,1909f56bfc062723c751e8b465ee728b)  -> (artifact id: '98f1b7c7a340db736b408a809eaf8445') in 0.096769 seconds 
========================================================================
Received Import Request.
  Time since last request: 0.000029 seconds.
  path: Assets/NextMindSDK/Examples/SDKDiscovery/Materials/Built-in/ScreenCoordStim.mat
  artifactKey: Guid(23282e2ff5339c942ac78a432a016eef) Importer(815301076,1909f56bfc062723c751e8b465ee728b)
Start importing Assets/NextMindSDK/Examples/SDKDiscovery/Materials/Built-in/ScreenCoordStim.mat using Guid(23282e2ff5339c942ac78a432a016eef) Importer(815301076,1909f56bfc062723c751e8b465ee728b)  -> (artifact id: '8ffb48f31a7f397d2a0f73b484bd4a0c') in 0.027171 seconds 
========================================================================
Received Import Request.
  Time since last request: 0.000034 seconds.
  path: Assets/Oculus/SampleFramework/Usage/DistanceGrab/Materials/SportsBottleLidWithOutline.mat
  artifactKey: Guid(c4838c9fceddb43a5b32cf5f3d35522d) Importer(815301076,1909f56bfc062723c751e8b465ee728b)
Start importing Assets/Oculus/SampleFramework/Usage/DistanceGrab/Materials/SportsBottleLidWithOutline.mat using Guid(c4838c9fceddb43a5b32cf5f3d35522d) Importer(815301076,1909f56bfc062723c751e8b465ee728b)  -> (artifact id: '768020f5d4f9ceffecf2e07794645ace') in 0.020869 seconds 
========================================================================
Received Import Request.
  Time since last request: 0.000023 seconds.
  path: Assets/Oculus/SampleFramework/Usage/SharedAssets/Materials/ToyCubeMat.mat
  artifactKey: Guid(b63c152e975e0be45929851911662d79) Importer(815301076,1909f56bfc062723c751e8b465ee728b)
Start importing Assets/Oculus/SampleFramework/Usage/SharedAssets/Materials/ToyCubeMat.mat using Guid(b63c152e975e0be45929851911662d79) Importer(815301076,1909f56bfc062723c751e8b465ee728b)  -> (artifact id: 'b1ab2c05f95c80f9100a8c9b54af5153') in 0.021086 seconds 
========================================================================
Received Import Request.
  Time since last request: 0.000026 seconds.
  path: Assets/Oculus/VR/Materials/SelfieImage.mat
  artifactKey: Guid(52ef173c94de14120b0d05f281d20054) Importer(815301076,1909f56bfc062723c751e8b465ee728b)
Start importing Assets/Oculus/VR/Materials/SelfieImage.mat using Guid(52ef173c94de14120b0d05f281d20054) Importer(815301076,1909f56bfc062723c751e8b465ee728b)  -> (artifact id: '8f84f031fc4a1f6b50d216a507058e6b') in 0.018394 seconds 
========================================================================
Received Import Request.
  Time since last request: 0.000023 seconds.
  path: Assets/Oculus/SampleFramework/Usage/SharedAssets/Materials/ToyBallMat.mat
  artifactKey: Guid(b0b0cd8f767a3f34384866cbf226b83b) Importer(815301076,1909f56bfc062723c751e8b465ee728b)
Start importing Assets/Oculus/SampleFramework/Usage/SharedAssets/Materials/ToyBallMat.mat using Guid(b0b0cd8f767a3f34384866cbf226b83b) Importer(815301076,1909f56bfc062723c751e8b465ee728b)  -> (artifact id: '00347ab2e1d88a52d9680a5d64a0c325') in 0.072945 seconds 
========================================================================
Received Import Request.
  Time since last request: 0.000035 seconds.
  path: Assets/NextMindSDK/Examples/NeuroTagGallery/Materials/LitUnlit/Unlit.mat
  artifactKey: Guid(eeddb600176fece409a2f76c7848f53d) Importer(815301076,1909f56bfc062723c751e8b465ee728b)
Start importing Assets/NextMindSDK/Examples/NeuroTagGallery/Materials/LitUnlit/Unlit.mat using Guid(eeddb600176fece409a2f76c7848f53d) Importer(815301076,1909f56bfc062723c751e8b465ee728b)  -> (artifact id: 'f7bfa06f4036dc2f43a9ceba3dfb841d') in 0.029045 seconds 
========================================================================
Received Import Request.
  Time since last request: 0.000038 seconds.
  path: Assets/Oculus/SampleFramework/Core/Locomotion/Materials/TeleportLaser.mat
  artifactKey: Guid(a379cec2ba497874788d17eb312c61be) Importer(815301076,1909f56bfc062723c751e8b465ee728b)
Start importing Assets/Oculus/SampleFramework/Core/Locomotion/Materials/TeleportLaser.mat using Guid(a379cec2ba497874788d17eb312c61be) Importer(815301076,1909f56bfc062723c751e8b465ee728b)  -> (artifact id: '877d317e31618ac2281179e7575e8e51') in 0.018925 seconds 
========================================================================
Received Import Request.
  Time since last request: 0.000027 seconds.
  path: Assets/Oculus/SampleFramework/Usage/Passthrough/Materials/SelectivePassthroughSoft.mat
  artifactKey: Guid(ddbf76a20fa22a14a83e42283bde1eb8) Importer(815301076,1909f56bfc062723c751e8b465ee728b)
Start importing Assets/Oculus/SampleFramework/Usage/Passthrough/Materials/SelectivePassthroughSoft.mat using Guid(ddbf76a20fa22a14a83e42283bde1eb8) Importer(815301076,1909f56bfc062723c751e8b465ee728b)  -> (artifact id: 'e506673238357138d9d830ac2f4faa11') in 0.022621 seconds 
========================================================================
Received Import Request.
  Time since last request: 0.000026 seconds.
  path: Assets/Oculus/SampleFramework/Usage/OVROverlay/Materials/Tile_Mat_Farlands.mat
  artifactKey: Guid(b2e6fa7c3e83eee489247ced515747cf) Importer(815301076,1909f56bfc062723c751e8b465ee728b)
Start importing Assets/Oculus/SampleFramework/Usage/OVROverlay/Materials/Tile_Mat_Farlands.mat using Guid(b2e6fa7c3e83eee489247ced515747cf) Importer(815301076,1909f56bfc062723c751e8b465ee728b)  -> (artifact id: '5e820aeee72da9e6052c9464378a521b') in 0.024519 seconds 
========================================================================
Received Import Request.
  Time since last request: 0.000033 seconds.
  path: Assets/Oculus/SampleFramework/Usage/HandsTrainExample/Materials/SmokeMat.mat
  artifactKey: Guid(463470a59e6ccd448999b90b0fe8a1b4) Importer(815301076,1909f56bfc062723c751e8b465ee728b)
Start importing Assets/Oculus/SampleFramework/Usage/HandsTrainExample/Materials/SmokeMat.mat using Guid(463470a59e6ccd448999b90b0fe8a1b4) Importer(815301076,1909f56bfc062723c751e8b465ee728b)  -> (artifact id: '4f66d8fa19ea716076d8c994310e2f9b') in 0.068018 seconds 
========================================================================
Received Import Request.
  Time since last request: 0.000024 seconds.
  path: Assets/Oculus/SampleFramework/Usage/Passthrough/Materials/WhiteUnlit.mat
  artifactKey: Guid(89681c510a2d4144f82986df469f44a1) Importer(815301076,1909f56bfc062723c751e8b465ee728b)
Start importing Assets/Oculus/SampleFramework/Usage/Passthrough/Materials/WhiteUnlit.mat using Guid(89681c510a2d4144f82986df469f44a1) Importer(815301076,1909f56bfc062723c751e8b465ee728b)  -> (artifact id: '2637866b9c7d725e20d171c1dc536072') in 0.019496 seconds 
========================================================================
Received Import Request.
  Time since last request: 0.000029 seconds.
  path: Assets/Oculus/SampleFramework/Core/HandsInteraction/Materials/TargetMaterial.mat
  artifactKey: Guid(7c4fbc253f678a74f8135c524ac84bfe) Importer(815301076,1909f56bfc062723c751e8b465ee728b)
Start importing Assets/Oculus/SampleFramework/Core/HandsInteraction/Materials/TargetMaterial.mat using Guid(7c4fbc253f678a74f8135c524ac84bfe) Importer(815301076,1909f56bfc062723c751e8b465ee728b)  -> (artifact id: 'e6b33a26eff94b2f2219e32c2e27d53b') in 0.019285 seconds 
========================================================================
Received Import Request.
  Time since last request: 0.000025 seconds.
  path: Assets/Oculus/SampleFramework/Usage/DistanceGrab/Materials/WoodBlockWithOutline.mat
  artifactKey: Guid(3a4cc84819795469da40d14888581e73) Importer(815301076,1909f56bfc062723c751e8b465ee728b)
Start importing Assets/Oculus/SampleFramework/Usage/DistanceGrab/Materials/WoodBlockWithOutline.mat using Guid(3a4cc84819795469da40d14888581e73) Importer(815301076,1909f56bfc062723c751e8b465ee728b)  -> (artifact id: '628c40e20abc34b606b86ec0aaf82c49') in 0.032653 seconds 
========================================================================
Received Import Request.
  Time since last request: 16.123562 seconds.
  path: Assets/TextMesh Pro/Examples & Extras/Resources/Fonts & Materials/Roboto-Bold SDF - Drop Shadow.mat
  artifactKey: Guid(b246c4190f4e46ec9352fe15a7b09ce0) Importer(815301076,1909f56bfc062723c751e8b465ee728b)
Start importing Assets/TextMesh Pro/Examples & Extras/Resources/Fonts & Materials/Roboto-Bold SDF - Drop Shadow.mat using Guid(b246c4190f4e46ec9352fe15a7b09ce0) Importer(815301076,1909f56bfc062723c751e8b465ee728b)  -> (artifact id: '8d3537fd13e46e8e4da362be9663debe') in 0.055981 seconds 
========================================================================
Received Import Request.
  Time since last request: 0.527771 seconds.
  path: Assets/Oculus/SampleFramework/Core/TouchControllers/Materials/R_controller_MAT.mat
  artifactKey: Guid(14179725cf9421448b565469bfc84247) Importer(815301076,1909f56bfc062723c751e8b465ee728b)
Start importing Assets/Oculus/SampleFramework/Core/TouchControllers/Materials/R_controller_MAT.mat using Guid(14179725cf9421448b565469bfc84247) Importer(815301076,1909f56bfc062723c751e8b465ee728b)  -> (artifact id: '46bbc4183922104353217c6a82a43b68') in 0.045421 seconds 
========================================================================
Received Import Request.
  Time since last request: 0.000050 seconds.
  path: Assets/Oculus/SampleFramework/Core/TouchControllers/Materials/R_controller_DIF.mat
  artifactKey: Guid(7842888294a7e0e4ea4d15e9f8eb2650) Importer(815301076,1909f56bfc062723c751e8b465ee728b)
Start importing Assets/Oculus/SampleFramework/Core/TouchControllers/Materials/R_controller_DIF.mat using Guid(7842888294a7e0e4ea4d15e9f8eb2650) Importer(815301076,1909f56bfc062723c751e8b465ee728b)  -> (artifact id: '80244b90cad139b57514e50ebd30710d') in 0.109570 seconds 
========================================================================
Received Import Request.
  Time since last request: 0.556052 seconds.
  path: Assets/NextMindSDK/Examples/SDKDiscovery/Materials/SRP/PositionMaterial.mat
  artifactKey: Guid(b6715ccdcd8373e4f9d8104ef709d465) Importer(815301076,1909f56bfc062723c751e8b465ee728b)
Start importing Assets/NextMindSDK/Examples/SDKDiscovery/Materials/SRP/PositionMaterial.mat using Guid(b6715ccdcd8373e4f9d8104ef709d465) Importer(815301076,1909f56bfc062723c751e8b465ee728b)  -> (artifact id: '8fea5e6d1bba82c88c33e0c9aa3f51d1') in 0.039914 seconds 
========================================================================
Received Import Request.
  Time since last request: 0.408581 seconds.
  path: Assets/NextMindSDK/Examples/Common Resources/Materials/SRP/PlaneMaterial.mat
  artifactKey: Guid(ed76144899e046142825c503e744e268) Importer(815301076,1909f56bfc062723c751e8b465ee728b)
Start importing Assets/NextMindSDK/Examples/Common Resources/Materials/SRP/PlaneMaterial.mat using Guid(ed76144899e046142825c503e744e268) Importer(815301076,1909f56bfc062723c751e8b465ee728b)  -> (artifact id: '3be4757b633061a6581398e7867d09b1') in 0.046921 seconds 
========================================================================
Received Import Request.
  Time since last request: 0.000048 seconds.
  path: Assets/Oculus/Avatar/Samples/SocialStarter/Assets/Materials/Plane_Mat.mat
  artifactKey: Guid(c466b89bb972b8a42bd266c102f8f2cb) Importer(815301076,1909f56bfc062723c751e8b465ee728b)
Start importing Assets/Oculus/Avatar/Samples/SocialStarter/Assets/Materials/Plane_Mat.mat using Guid(c466b89bb972b8a42bd266c102f8f2cb) Importer(815301076,1909f56bfc062723c751e8b465ee728b)  -> (artifact id: 'cc35c2a11a419a569a40f9b6b8e330e8') in 0.031925 seconds 
========================================================================
Received Import Request.
  Time since last request: 0.779178 seconds.
  path: Assets/Oculus/VR/Meshes/OculusTouchForRift/left_touch_controller_model_skel.fbx
  artifactKey: Guid(c3ba18e9fa5e9104098cbdbb3e23a5b4) Importer(815301076,1909f56bfc062723c751e8b465ee728b)
Start importing Assets/Oculus/VR/Meshes/OculusTouchForRift/left_touch_controller_model_skel.fbx using Guid(c3ba18e9fa5e9104098cbdbb3e23a5b4) Importer(815301076,1909f56bfc062723c751e8b465ee728b)  -> (artifact id: 'c19af77a23a1db0367807fba8185823a') in 0.152845 seconds 
========================================================================
Received Import Request.
  Time since last request: 0.257817 seconds.
  path: Assets/Oculus/SampleFramework/Usage/OVROverlay/Materials/OverlayDynamicTexture.mat
  artifactKey: Guid(5365fc7c3d82d4343b1591d8ea4bd539) Importer(815301076,1909f56bfc062723c751e8b465ee728b)
Start importing Assets/Oculus/SampleFramework/Usage/OVROverlay/Materials/OverlayDynamicTexture.mat using Guid(5365fc7c3d82d4343b1591d8ea4bd539) Importer(815301076,1909f56bfc062723c751e8b465ee728b)  -> (artifact id: '398f4aab3d214d84f04e972f0ccd5cfd') in 0.044988 seconds 
========================================================================
Received Import Request.
  Time since last request: 0.000031 seconds.
  path: Assets/Oculus/VR/Meshes/OculusTouchForQuestAndRiftS/Materials/OculusTouchForQuestAndRiftS_Material.mat
  artifactKey: Guid(01ac879f6ce09924e9c26663f798beaf) Importer(815301076,1909f56bfc062723c751e8b465ee728b)
Start importing Assets/Oculus/VR/Meshes/OculusTouchForQuestAndRiftS/Materials/OculusTouchForQuestAndRiftS_Material.mat using Guid(01ac879f6ce09924e9c26663f798beaf) Importer(815301076,1909f56bfc062723c751e8b465ee728b)  -> (artifact id: 'd6aa9fb546307ed14dd0670ca192c2c4') in 0.096877 seconds 
========================================================================
Received Import Request.
  Time since last request: 0.000026 seconds.
  path: Assets/TextMesh Pro/Examples & Extras/Resources/Fonts & Materials/Oswald Bold SDF.asset
  artifactKey: Guid(0161d805a3764c089bef00bfe00793f5) Importer(815301076,1909f56bfc062723c751e8b465ee728b)
Start importing Assets/TextMesh Pro/Examples & Extras/Resources/Fonts & Materials/Oswald Bold SDF.asset using Guid(0161d805a3764c089bef00bfe00793f5) Importer(815301076,1909f56bfc062723c751e8b465ee728b)  -> (artifact id: '1a9a403aec3ecc013644e6f70719ced4') in 0.038250 seconds 
========================================================================
Received Import Request.
  Time since last request: 0.369382 seconds.
  path: Assets/Oculus/VR/Meshes/OculusTouchForQuest2/Materials/OculusTouchForQuest2_MAT.mat
  artifactKey: Guid(d7292a5e1ae17a64c95f3081d2c6be5a) Importer(815301076,1909f56bfc062723c751e8b465ee728b)
Start importing Assets/Oculus/VR/Meshes/OculusTouchForQuest2/Materials/OculusTouchForQuest2_MAT.mat using Guid(d7292a5e1ae17a64c95f3081d2c6be5a) Importer(815301076,1909f56bfc062723c751e8b465ee728b)  -> (artifact id: 'dc3efa4ac070aa718946078ba1f3d58a') in 0.071568 seconds 
========================================================================
Received Import Request.
  Time since last request: 0.000033 seconds.
  path: Assets/NextMindSDK/Core/Runtime/Materials/SRP/NeuroTagMaterial_unlit.mat
  artifactKey: Guid(00471447a187395428320bfddd931a25) Importer(815301076,1909f56bfc062723c751e8b465ee728b)
Start importing Assets/NextMindSDK/Core/Runtime/Materials/SRP/NeuroTagMaterial_unlit.mat using Guid(00471447a187395428320bfddd931a25) Importer(815301076,1909f56bfc062723c751e8b465ee728b)  -> (artifact id: '22120b81a406f3ac30e201d5fad40fe0') in 0.026035 seconds 
========================================================================
Received Import Request.
  Time since last request: 0.000034 seconds.
  path: Assets/NextMindSDK/Examples/NeuroTagGallery/Materials/RenderModes/NeuroTagMaterial_transparent_unlit.mat
  artifactKey: Guid(bae6e3e941719294fbcdd19ee388cc36) Importer(815301076,1909f56bfc062723c751e8b465ee728b)
Start importing Assets/NextMindSDK/Examples/NeuroTagGallery/Materials/RenderModes/NeuroTagMaterial_transparent_unlit.mat using Guid(bae6e3e941719294fbcdd19ee388cc36) Importer(815301076,1909f56bfc062723c751e8b465ee728b)  -> (artifact id: 'be909ec6211edd5a7011db004c280ac0') in 0.114896 seconds 
========================================================================
Received Import Request.
  Time since last request: 0.137594 seconds.
  path: Assets/NextMindSDK/Core/Runtime/Materials/Built-in/NeuroTagMaterial_transparent.mat
  artifactKey: Guid(499a88d434bc1e44ea4f4a363d2ff644) Importer(815301076,1909f56bfc062723c751e8b465ee728b)
Start importing Assets/NextMindSDK/Core/Runtime/Materials/Built-in/NeuroTagMaterial_transparent.mat using Guid(499a88d434bc1e44ea4f4a363d2ff644) Importer(815301076,1909f56bfc062723c751e8b465ee728b)  -> (artifact id: '71a0df3cbed53bcc38297e78d56a47a4') in 0.051081 seconds 
========================================================================
Received Import Request.
  Time since last request: 0.000028 seconds.
  path: Assets/NextMindSDK/Core/Runtime/Materials/Built-in/NeuroTagMaterial_cutout.mat
  artifactKey: Guid(385f41d64a26c4c408cb036afd702368) Importer(815301076,1909f56bfc062723c751e8b465ee728b)
Start importing Assets/NextMindSDK/Core/Runtime/Materials/Built-in/NeuroTagMaterial_cutout.mat using Guid(385f41d64a26c4c408cb036afd702368) Importer(815301076,1909f56bfc062723c751e8b465ee728b)  -> (artifact id: 'f1756feac16e7f697ffdf245519d0271') in 0.028622 seconds 
========================================================================
Received Import Request.
  Time since last request: 0.251203 seconds.
  path: Assets/NextMindSDK/Core/Runtime/Materials/Built-in/NeuroTagMaterial.mat
  artifactKey: Guid(17d761e67d66a0f4a9b1899b8158c6dd) Importer(815301076,1909f56bfc062723c751e8b465ee728b)
Start importing Assets/NextMindSDK/Core/Runtime/Materials/Built-in/NeuroTagMaterial.mat using Guid(17d761e67d66a0f4a9b1899b8158c6dd) Importer(815301076,1909f56bfc062723c751e8b465ee728b)  -> (artifact id: '42398bca7088771b6aeb1a59c4f62f5e') in 0.073162 seconds 
========================================================================
Received Import Request.
  Time since last request: 0.000037 seconds.
  path: Assets/Oculus/SampleFramework/Usage/Locomotion/Materials/MeterGrid.mat
  artifactKey: Guid(a5c6952c6ccf162468792012aec09a00) Importer(815301076,1909f56bfc062723c751e8b465ee728b)
Start importing Assets/Oculus/SampleFramework/Usage/Locomotion/Materials/MeterGrid.mat using Guid(a5c6952c6ccf162468792012aec09a00) Importer(815301076,1909f56bfc062723c751e8b465ee728b)  -> (artifact id: '881ac35684e24900467a6d4111e3559e') in 0.019628 seconds 
========================================================================
Received Import Request.
  Time since last request: 0.000033 seconds.
  path: Assets/Oculus/LipSync/Models/FemaleHead_Morph/Materials/melinda_DIFF.mat
  artifactKey: Guid(16d9c6ac0607b6446a37514d6e175d44) Importer(815301076,1909f56bfc062723c751e8b465ee728b)
Start importing Assets/Oculus/LipSync/Models/FemaleHead_Morph/Materials/melinda_DIFF.mat using Guid(16d9c6ac0607b6446a37514d6e175d44) Importer(815301076,1909f56bfc062723c751e8b465ee728b)  -> (artifact id: 'ba2fc567bff1d2d9ae0acdc5cced5e4e') in 0.062513 seconds 
========================================================================
Received Import Request.
  Time since last request: 0.203192 seconds.
  path: Assets/Oculus/SampleFramework/Usage/DistanceGrab/Materials/MAT_watergun_black.mat
  artifactKey: Guid(5241aafd0a8b14f2e8f9fbc6439cff9b) Importer(815301076,1909f56bfc062723c751e8b465ee728b)
Start importing Assets/Oculus/SampleFramework/Usage/DistanceGrab/Materials/MAT_watergun_black.mat using Guid(5241aafd0a8b14f2e8f9fbc6439cff9b) Importer(815301076,1909f56bfc062723c751e8b465ee728b)  -> (artifact id: '7d651b76f7f9105bca0b57b2af35283a') in 0.040607 seconds 
========================================================================
Received Import Request.
  Time since last request: 0.000039 seconds.
  path: Assets/Oculus/SampleFramework/Usage/Locomotion/Materials/MAT_grid_01_light.mat
  artifactKey: Guid(1c0889e6c85aa489ca9303bf392110ed) Importer(815301076,1909f56bfc062723c751e8b465ee728b)
Start importing Assets/Oculus/SampleFramework/Usage/Locomotion/Materials/MAT_grid_01_light.mat using Guid(1c0889e6c85aa489ca9303bf392110ed) Importer(815301076,1909f56bfc062723c751e8b465ee728b)  -> (artifact id: '6dc3276e7721a4b49f1af7925b95fb8a') in 0.074238 seconds 
========================================================================
Received Import Request.
  Time since last request: 0.009797 seconds.
  path: Assets/Oculus/SampleFramework/Usage/Locomotion/Materials/MAT_floor_wood_02.mat
  artifactKey: Guid(c5de2de29649946caa67f57a9825cfd6) Importer(815301076,1909f56bfc062723c751e8b465ee728b)
Start importing Assets/Oculus/SampleFramework/Usage/Locomotion/Materials/MAT_floor_wood_02.mat using Guid(c5de2de29649946caa67f57a9825cfd6) Importer(815301076,1909f56bfc062723c751e8b465ee728b)  -> (artifact id: 'adbbe5121fda4116966f701f92444a26') in 0.188887 seconds 
========================================================================
Received Import Request.
  Time since last request: 0.023287 seconds.
  path: Assets/Oculus/SampleFramework/Usage/Locomotion/Materials/MAT_floor_tile_01.mat
  artifactKey: Guid(5c3d5738fa2d6483bb8a2af0a6f50a66) Importer(815301076,1909f56bfc062723c751e8b465ee728b)
Start importing Assets/Oculus/SampleFramework/Usage/Locomotion/Materials/MAT_floor_tile_01.mat using Guid(5c3d5738fa2d6483bb8a2af0a6f50a66) Importer(815301076,1909f56bfc062723c751e8b465ee728b)  -> (artifact id: '3dca681c3d24f74ea6c09e4d0315828b') in 0.145628 seconds 
========================================================================
Received Import Request.
  Time since last request: 0.000024 seconds.
  path: Assets/Oculus/SampleFramework/Usage/Locomotion/Materials/MAT_concrete_01.mat
  artifactKey: Guid(b825d518262c2453b9c06573f9b21658) Importer(815301076,1909f56bfc062723c751e8b465ee728b)
Start importing Assets/Oculus/SampleFramework/Usage/Locomotion/Materials/MAT_concrete_01.mat using Guid(b825d518262c2453b9c06573f9b21658) Importer(815301076,1909f56bfc062723c751e8b465ee728b)  -> (artifact id: 'dd6d67d8882911dd269d43527a47058a') in 0.102311 seconds 
========================================================================
Received Import Request.
  Time since last request: 0.000024 seconds.
  path: Assets/NextMindSDK/Examples/NeuroTagGallery/Materials/Projections/LitStandardProjection.mat
  artifactKey: Guid(e8650c4b83151164d96c2a9690213d92) Importer(815301076,1909f56bfc062723c751e8b465ee728b)
Start importing Assets/NextMindSDK/Examples/NeuroTagGallery/Materials/Projections/LitStandardProjection.mat using Guid(e8650c4b83151164d96c2a9690213d92) Importer(815301076,1909f56bfc062723c751e8b465ee728b)  -> (artifact id: '562ae6f179f4f94c4d608c69370ab5f1') in 0.165083 seconds 
========================================================================
Received Import Request.
  Time since last request: 0.000030 seconds.
  path: Assets/TextMesh Pro/Resources/Fonts & Materials/LiberationSans SDF.asset
  artifactKey: Guid(8f586378b4e144a9851e7b34d9b748ee) Importer(815301076,1909f56bfc062723c751e8b465ee728b)
Start importing Assets/TextMesh Pro/Resources/Fonts & Materials/LiberationSans SDF.asset using Guid(8f586378b4e144a9851e7b34d9b748ee) Importer(815301076,1909f56bfc062723c751e8b465ee728b)  -> (artifact id: '62a3032e6dee7a7f2107b433484feb99') in 0.044777 seconds 
========================================================================
Received Import Request.
  Time since last request: 0.000025 seconds.
  path: Assets/TextMesh Pro/Examples & Extras/Resources/Fonts & Materials/LiberationSans SDF - Overlay.mat
  artifactKey: Guid(9ad269c99dcf42b7aedefd83dd5a7b9d) Importer(815301076,1909f56bfc062723c751e8b465ee728b)
Start importing Assets/TextMesh Pro/Examples & Extras/Resources/Fonts & Materials/LiberationSans SDF - Overlay.mat using Guid(9ad269c99dcf42b7aedefd83dd5a7b9d) Importer(815301076,1909f56bfc062723c751e8b465ee728b)  -> (artifact id: '2a2140dd635821f97f315d866ae56cfb') in 0.031220 seconds 
========================================================================
Received Import Request.
  Time since last request: 0.000021 seconds.
  path: Assets/TextMesh Pro/Examples & Extras/Resources/Fonts & Materials/LiberationSans SDF - Metalic Green.mat
  artifactKey: Guid(8b29aaa3eec7468097ff07adfcf29ac9) Importer(815301076,1909f56bfc062723c751e8b465ee728b)
Start importing Assets/TextMesh Pro/Examples & Extras/Resources/Fonts & Materials/LiberationSans SDF - Metalic Green.mat using Guid(8b29aaa3eec7468097ff07adfcf29ac9) Importer(815301076,1909f56bfc062723c751e8b465ee728b)  -> (artifact id: '87c8cd4aca0f99013a216cc810a1eb35') in 0.128870 seconds 
========================================================================
Received Import Request.
  Time since last request: 0.337536 seconds.
  path: Assets/Oculus/VR/Meshes/HandTracking/OculusHand_R.fbx
  artifactKey: Guid(88e2e1bfe11ec6c438b0ade27eaeded1) Importer(815301076,1909f56bfc062723c751e8b465ee728b)
Start importing Assets/Oculus/VR/Meshes/HandTracking/OculusHand_R.fbx using Guid(88e2e1bfe11ec6c438b0ade27eaeded1) Importer(815301076,1909f56bfc062723c751e8b465ee728b)  -> (artifact id: '7bf54cd753019179ba96ff937c141015') in 0.067631 seconds 
========================================================================
Received Import Request.
  Time since last request: 0.049091 seconds.
  path: Assets/Oculus/SampleFramework/Core/Locomotion/Materials/lambert1.mat
  artifactKey: Guid(24774b6e918e3c24a833857353a28b1b) Importer(815301076,1909f56bfc062723c751e8b465ee728b)
Start importing Assets/Oculus/SampleFramework/Core/Locomotion/Materials/lambert1.mat using Guid(24774b6e918e3c24a833857353a28b1b) Importer(815301076,1909f56bfc062723c751e8b465ee728b)  -> (artifact id: '35dcc4cc9e3cc40fc39e5815a645ba55') in 0.016233 seconds 
========================================================================
Received Import Request.
  Time since last request: 0.339614 seconds.
  path: Assets/Oculus/SampleFramework/Core/TouchControllers/Materials/L_controller_MAT.mat
  artifactKey: Guid(0ff51c0175f4bf74a85d0a8a5718b3d8) Importer(815301076,1909f56bfc062723c751e8b465ee728b)
Start importing Assets/Oculus/SampleFramework/Core/TouchControllers/Materials/L_controller_MAT.mat using Guid(0ff51c0175f4bf74a85d0a8a5718b3d8) Importer(815301076,1909f56bfc062723c751e8b465ee728b)  -> (artifact id: '8651b86c1bc6884ad7ca62fd7ce3935e') in 0.096419 seconds 
========================================================================
Received Import Request.
  Time since last request: 0.000036 seconds.
  path: Assets/Oculus/SampleFramework/Core/CustomHands/Materials/Hands_striped.mat
  artifactKey: Guid(2053692007a444b4298a3c679f98a1ce) Importer(815301076,1909f56bfc062723c751e8b465ee728b)
Start importing Assets/Oculus/SampleFramework/Core/CustomHands/Materials/Hands_striped.mat using Guid(2053692007a444b4298a3c679f98a1ce) Importer(815301076,1909f56bfc062723c751e8b465ee728b)  -> (artifact id: '559081dc874fb159289a252eff49deb8') in 0.065484 seconds 
========================================================================
Received Import Request.
  Time since last request: 0.292434 seconds.
  path: Assets/Oculus/SampleFramework/Core/CustomHands/Materials/Hands_solid.mat
  artifactKey: Guid(3637b758ff163493f8bb8b6d7e96d7ae) Importer(815301076,1909f56bfc062723c751e8b465ee728b)
Start importing Assets/Oculus/SampleFramework/Core/CustomHands/Materials/Hands_solid.mat using Guid(3637b758ff163493f8bb8b6d7e96d7ae) Importer(815301076,1909f56bfc062723c751e8b465ee728b)  -> (artifact id: 'd909c9f7b009a966061351caf582fb1c') in 0.033546 seconds 
========================================================================
Received Import Request.
  Time since last request: 0.000031 seconds.
  path: Assets/Oculus/SampleFramework/Usage/Passthrough/Materials/HandMeshMask.mat
  artifactKey: Guid(86bd0db9d12fe4cafb0f57c9596dc64d) Importer(815301076,1909f56bfc062723c751e8b465ee728b)
Start importing Assets/Oculus/SampleFramework/Usage/Passthrough/Materials/HandMeshMask.mat using Guid(86bd0db9d12fe4cafb0f57c9596dc64d) Importer(815301076,1909f56bfc062723c751e8b465ee728b)  -> (artifact id: '61aabefc2d8d067bbbb1ed99e2b9b61e') in 0.046725 seconds 
========================================================================
Received Import Request.
  Time since last request: 0.002607 seconds.
  path: Assets/Oculus/SampleFramework/Usage/Locomotion/Materials/GroundMat.mat
  artifactKey: Guid(1f0c317a1c26f8a4285902639d3d1a0c) Importer(815301076,1909f56bfc062723c751e8b465ee728b)
Start importing Assets/Oculus/SampleFramework/Usage/Locomotion/Materials/GroundMat.mat using Guid(1f0c317a1c26f8a4285902639d3d1a0c) Importer(815301076,1909f56bfc062723c751e8b465ee728b)  -> (artifact id: '5877fd39b1453633f73c21c5b78b6591') in 0.022979 seconds 
========================================================================
Received Import Request.
  Time since last request: 0.297997 seconds.
  path: Assets/TextMesh Pro/Examples & Extras/Materials/Ground - Surface Shader Scene.mat
  artifactKey: Guid(aadd5a709a48466c887296bb5b1b8110) Importer(815301076,1909f56bfc062723c751e8b465ee728b)
Start importing Assets/TextMesh Pro/Examples & Extras/Materials/Ground - Surface Shader Scene.mat using Guid(aadd5a709a48466c887296bb5b1b8110) Importer(815301076,1909f56bfc062723c751e8b465ee728b)  -> (artifact id: '432dcc4aec570ed6fcc4c00cd81d63a0') in 0.049450 seconds 
========================================================================
Received Import Request.
  Time since last request: 0.033227 seconds.
  path: Assets/Oculus/SampleFramework/Usage/HandsTrainExample/Materials/GridMat.mat
  artifactKey: Guid(ef9e1306ede8d0f48b798c2341d75ffc) Importer(815301076,1909f56bfc062723c751e8b465ee728b)
Start importing Assets/Oculus/SampleFramework/Usage/HandsTrainExample/Materials/GridMat.mat using Guid(ef9e1306ede8d0f48b798c2341d75ffc) Importer(815301076,1909f56bfc062723c751e8b465ee728b)  -> (artifact id: '97c8676390fff83ff5d825def82225c5') in 0.022476 seconds 
========================================================================
Received Import Request.
  Time since last request: 0.315143 seconds.
  path: Assets/Oculus/SampleFramework/Usage/Passthrough/Materials/Graffiti.mat
  artifactKey: Guid(dd331cc38e3258643bf0d3d221718362) Importer(815301076,1909f56bfc062723c751e8b465ee728b)
Start importing Assets/Oculus/SampleFramework/Usage/Passthrough/Materials/Graffiti.mat using Guid(dd331cc38e3258643bf0d3d221718362) Importer(815301076,1909f56bfc062723c751e8b465ee728b)  -> (artifact id: 'd76bd1ee29bd7cccb9b0ae8002ee9013') in 0.069133 seconds 
========================================================================
Received Import Request.
  Time since last request: 0.011755 seconds.
  path: Assets/TextMesh Pro/Examples & Extras/Fonts/Electronic Highway Sign.TTF
  artifactKey: Guid(8a2b9e2a607dd2143b58c44bc32410b4) Importer(815301076,1909f56bfc062723c751e8b465ee728b)
Start importing Assets/TextMesh Pro/Examples & Extras/Fonts/Electronic Highway Sign.TTF using Guid(8a2b9e2a607dd2143b58c44bc32410b4) Importer(815301076,1909f56bfc062723c751e8b465ee728b)  -> (artifact id: '6bf1d5de0a4d5f9c8438c0038c05bbca') in 0.065305 seconds 
========================================================================
Received Import Request.
  Time since last request: 0.290800 seconds.
  path: Assets/TextMesh Pro/Examples & Extras/Fonts/Oswald-Bold.ttf
  artifactKey: Guid(c9f6d0e7bc8541498c9a4799ba184ede) Importer(815301076,1909f56bfc062723c751e8b465ee728b)
Start importing Assets/TextMesh Pro/Examples & Extras/Fonts/Oswald-Bold.ttf using Guid(c9f6d0e7bc8541498c9a4799ba184ede) Importer(815301076,1909f56bfc062723c751e8b465ee728b)  -> (artifact id: '63c9df3681e5c0b7c9404aa6e0784f0d') in 0.053066 seconds 
========================================================================
Received Import Request.
  Time since last request: 0.002046 seconds.
  path: Assets/NextMindSDK/Core/Runtime/Fonts/Barlow-Regular.otf
  artifactKey: Guid(5e1ac5fe058169542b50ee4fd41b3edc) Importer(815301076,1909f56bfc062723c751e8b465ee728b)
Start importing Assets/NextMindSDK/Core/Runtime/Fonts/Barlow-Regular.otf using Guid(5e1ac5fe058169542b50ee4fd41b3edc) Importer(815301076,1909f56bfc062723c751e8b465ee728b)  -> (artifact id: 'aba61146183d5eda45ee173577ad7501') in 0.031291 seconds 
========================================================================
Received Import Request.
  Time since last request: 0.641620 seconds.
  path: Assets/TextMesh Pro/Examples & Extras/Fonts/Anton.ttf
  artifactKey: Guid(997a43b767814dd0a7642ec9b78cba41) Importer(815301076,1909f56bfc062723c751e8b465ee728b)
Start importing Assets/TextMesh Pro/Examples & Extras/Fonts/Anton.ttf using Guid(997a43b767814dd0a7642ec9b78cba41) Importer(815301076,1909f56bfc062723c751e8b465ee728b)  -> (artifact id: '52c3d0e36210aa469c98440e15cea1a2') in 0.043820 seconds 
========================================================================
Received Import Request.
  Time since last request: 0.124631 seconds.
  path: Assets/Oculus/SampleFramework/Core/DebugUI/Fonts/Montserrat/Montserrat-MediumItalic.ttf
  artifactKey: Guid(53b4534908f8f324d8ffe0fc5fa5a31f) Importer(815301076,1909f56bfc062723c751e8b465ee728b)
Start importing Assets/Oculus/SampleFramework/Core/DebugUI/Fonts/Montserrat/Montserrat-MediumItalic.ttf using Guid(53b4534908f8f324d8ffe0fc5fa5a31f) Importer(815301076,1909f56bfc062723c751e8b465ee728b)  -> (artifact id: 'e1320f3e2eb001e4b7f308c494e97590') in 0.046031 seconds 
========================================================================
Received Import Request.
  Time since last request: 0.000047 seconds.
  path: Assets/Oculus/SampleFramework/Core/DebugUI/Fonts/Montserrat/Montserrat-BoldItalic.ttf
  artifactKey: Guid(440e99598766dbd40a4d8bc01445b5ca) Importer(815301076,1909f56bfc062723c751e8b465ee728b)
Start importing Assets/Oculus/SampleFramework/Core/DebugUI/Fonts/Montserrat/Montserrat-BoldItalic.ttf using Guid(440e99598766dbd40a4d8bc01445b5ca) Importer(815301076,1909f56bfc062723c751e8b465ee728b)  -> (artifact id: 'fd92363ca3f61d3076b877901845e16f') in 0.028105 seconds 
========================================================================
Received Import Request.
  Time since last request: 0.384161 seconds.
  path: Assets/Oculus/SampleFramework/Core/DebugUI/Fonts/Montserrat/Montserrat-LightItalic.ttf
  artifactKey: Guid(d30609de8a17cfb409c74b4302ca60e3) Importer(815301076,1909f56bfc062723c751e8b465ee728b)
Start importing Assets/Oculus/SampleFramework/Core/DebugUI/Fonts/Montserrat/Montserrat-LightItalic.ttf using Guid(d30609de8a17cfb409c74b4302ca60e3) Importer(815301076,1909f56bfc062723c751e8b465ee728b)  -> (artifact id: 'f9b18991c5547367d2e4e9a42dd55459') in 0.053303 seconds 
========================================================================
Received Import Request.
  Time since last request: 0.567947 seconds.
  path: Assets/NextMindSDK/Core/Runtime/Materials/FeedbackSide.mat
  artifactKey: Guid(7278ae0bf024ff6489312bffba3dd4e6) Importer(815301076,1909f56bfc062723c751e8b465ee728b)
Start importing Assets/NextMindSDK/Core/Runtime/Materials/FeedbackSide.mat using Guid(7278ae0bf024ff6489312bffba3dd4e6) Importer(815301076,1909f56bfc062723c751e8b465ee728b)  -> (artifact id: '1faeafd0240c1b40a1ea1efcce981979') in 0.043900 seconds 
========================================================================
Received Import Request.
  Time since last request: 0.000041 seconds.
  path: Assets/Oculus/LipSync/Models/FemaleHead_Morph/Materials/eyelashes.mat
  artifactKey: Guid(e906d4c6bf3304d5dac06eee4fe24c54) Importer(815301076,1909f56bfc062723c751e8b465ee728b)
Start importing Assets/Oculus/LipSync/Models/FemaleHead_Morph/Materials/eyelashes.mat using Guid(e906d4c6bf3304d5dac06eee4fe24c54) Importer(815301076,1909f56bfc062723c751e8b465ee728b)  -> (artifact id: 'f3879b8df0724233b04ba29b25e41c04') in 0.108078 seconds 
========================================================================
Received Import Request.
  Time since last request: 0.755401 seconds.
  path: Assets/TextMesh Pro/Examples & Extras/Resources/Fonts & Materials/Electronic Highway Sign SDF.asset
  artifactKey: Guid(dc36b3fdc14f47ebb36fd484a67e268a) Importer(815301076,1909f56bfc062723c751e8b465ee728b)
Start importing Assets/TextMesh Pro/Examples & Extras/Resources/Fonts & Materials/Electronic Highway Sign SDF.asset using Guid(dc36b3fdc14f47ebb36fd484a67e268a) Importer(815301076,1909f56bfc062723c751e8b465ee728b)  -> (artifact id: '61668d360be97672dc097b2dfd64f5b6') in 0.043432 seconds 
========================================================================
Received Import Request.
  Time since last request: 0.030830 seconds.
  path: Assets/Oculus/SampleFramework/Core/HandsInteraction/Materials/DefaultHandMaterial.mat
  artifactKey: Guid(8f92ce6a2e9e04e458f46e6a635b1d62) Importer(815301076,1909f56bfc062723c751e8b465ee728b)
Start importing Assets/Oculus/SampleFramework/Core/HandsInteraction/Materials/DefaultHandMaterial.mat using Guid(8f92ce6a2e9e04e458f46e6a635b1d62) Importer(815301076,1909f56bfc062723c751e8b465ee728b)  -> (artifact id: '5172aaeca1c3696d37998034b8c56361') in 0.023247 seconds 
========================================================================
Received Import Request.
  Time since last request: 0.660749 seconds.
  path: Assets/Oculus/SampleFramework/Usage/Locomotion/Materials/DebugDrawLine.mat
  artifactKey: Guid(b4fdc20717507cc48b28ef9db82f0d5f) Importer(815301076,1909f56bfc062723c751e8b465ee728b)
Start importing Assets/Oculus/SampleFramework/Usage/Locomotion/Materials/DebugDrawLine.mat using Guid(b4fdc20717507cc48b28ef9db82f0d5f) Importer(815301076,1909f56bfc062723c751e8b465ee728b)  -> (artifact id: '64df5d50e6757cd35c3ef0311484ed04') in 0.037894 seconds 
========================================================================
Received Import Request.
  Time since last request: 0.029918 seconds.
  path: Assets/NextMindSDK/Examples/SDKDiscovery/Materials/Built-in/CubesMaterial.mat
  artifactKey: Guid(3107690760b161d4bb9479b10862270d) Importer(815301076,1909f56bfc062723c751e8b465ee728b)
Start importing Assets/NextMindSDK/Examples/SDKDiscovery/Materials/Built-in/CubesMaterial.mat using Guid(3107690760b161d4bb9479b10862270d) Importer(815301076,1909f56bfc062723c751e8b465ee728b)  -> (artifact id: '2e684788d328c63dd1b34b651589a8e1') in 0.027405 seconds 
========================================================================
Received Import Request.
  Time since last request: 0.454782 seconds.
  path: Assets/Oculus/VR/Materials/CubeMaterial.mat
  artifactKey: Guid(62db2d638434d5a488dfb1e789e34b37) Importer(815301076,1909f56bfc062723c751e8b465ee728b)
Start importing Assets/Oculus/VR/Materials/CubeMaterial.mat using Guid(62db2d638434d5a488dfb1e789e34b37) Importer(815301076,1909f56bfc062723c751e8b465ee728b)  -> (artifact id: '71511675c21d3bec7360260745495850') in 0.077988 seconds 
========================================================================
Received Import Request.
  Time since last request: 0.522070 seconds.
  path: Assets/Oculus/SampleFramework/Usage/HandsTrainExample/Materials/ControllerBox.mat
  artifactKey: Guid(520a8c6c6d409b44d921cd1e654d1807) Importer(815301076,1909f56bfc062723c751e8b465ee728b)
Start importing Assets/Oculus/SampleFramework/Usage/HandsTrainExample/Materials/ControllerBox.mat using Guid(520a8c6c6d409b44d921cd1e654d1807) Importer(815301076,1909f56bfc062723c751e8b465ee728b)  -> (artifact id: 'a1de78fd5128abfc04507bc4c459a9cb') in 0.173522 seconds 
========================================================================
Received Import Request.
  Time since last request: 0.492136 seconds.
  path: Assets/NextMindSDK/Examples/NeuroTagGallery/Materials/Conclusion/ConclusionMaterial_red.mat
  artifactKey: Guid(a083e394092961c48b12b039a790e35b) Importer(815301076,1909f56bfc062723c751e8b465ee728b)
Start importing Assets/NextMindSDK/Examples/NeuroTagGallery/Materials/Conclusion/ConclusionMaterial_red.mat using Guid(a083e394092961c48b12b039a790e35b) Importer(815301076,1909f56bfc062723c751e8b465ee728b)  -> (artifact id: 'cc85e803c61336df2356c2cc73726607') in 0.066150 seconds 
========================================================================
Received Import Request.
  Time since last request: 0.016432 seconds.
  path: Assets/Oculus/SampleFramework/Core/Locomotion/Materials/ColumnGlow.mat
  artifactKey: Guid(5e53c7a8c2e563c4c90a8fa620eebc2c) Importer(815301076,1909f56bfc062723c751e8b465ee728b)
Start importing Assets/Oculus/SampleFramework/Core/Locomotion/Materials/ColumnGlow.mat using Guid(5e53c7a8c2e563c4c90a8fa620eebc2c) Importer(815301076,1909f56bfc062723c751e8b465ee728b)  -> (artifact id: '6b481c15c067c01e3836ace31034d3fa') in 0.021363 seconds 
========================================================================
Received Import Request.
  Time since last request: 0.420025 seconds.
  path: Assets/NextMindSDK/Examples/NeuroTagGallery/Materials/ChangingBackground/ColoredNeurotag_textured.mat
  artifactKey: Guid(849b7080c720a9f4ab5c33b7f3d65af0) Importer(815301076,1909f56bfc062723c751e8b465ee728b)
Start importing Assets/NextMindSDK/Examples/NeuroTagGallery/Materials/ChangingBackground/ColoredNeurotag_textured.mat using Guid(849b7080c720a9f4ab5c33b7f3d65af0) Importer(815301076,1909f56bfc062723c751e8b465ee728b)  -> (artifact id: '756279aaceaec7e019082e52a32faa40') in 0.240518 seconds 
========================================================================
Received Import Request.
  Time since last request: 0.321166 seconds.
  path: Assets/Oculus/SampleFramework/Usage/Passthrough/Materials/BlackUnlit.mat
  artifactKey: Guid(646da484d21bf48d887dedfb481d78f8) Importer(815301076,1909f56bfc062723c751e8b465ee728b)
Start importing Assets/Oculus/SampleFramework/Usage/Passthrough/Materials/BlackUnlit.mat using Guid(646da484d21bf48d887dedfb481d78f8) Importer(815301076,1909f56bfc062723c751e8b465ee728b)  -> (artifact id: 'b60bd16c212a88d9f4fd58b07a8c69fe') in 0.042853 seconds 
========================================================================
Received Import Request.
  Time since last request: 0.035548 seconds.
  path: Assets/TextMesh Pro/Examples & Extras/Resources/Fonts & Materials/Bangers SDF Logo.mat
  artifactKey: Guid(f4e195ac1e204eff960149d1cb34e18c) Importer(815301076,1909f56bfc062723c751e8b465ee728b)
Start importing Assets/TextMesh Pro/Examples & Extras/Resources/Fonts & Materials/Bangers SDF Logo.mat using Guid(f4e195ac1e204eff960149d1cb34e18c) Importer(815301076,1909f56bfc062723c751e8b465ee728b)  -> (artifact id: '36c2661c12419959e1b9d5be9ab9d4fa') in 0.271610 seconds 
========================================================================
Received Import Request.
  Time since last request: 0.110391 seconds.
  path: Assets/TextMesh Pro/Examples & Extras/Resources/Fonts & Materials/Bangers SDF Glow.mat
  artifactKey: Guid(d75b8f41e959450c84ac6e967084d3e1) Importer(815301076,1909f56bfc062723c751e8b465ee728b)
Start importing Assets/TextMesh Pro/Examples & Extras/Resources/Fonts & Materials/Bangers SDF Glow.mat using Guid(d75b8f41e959450c84ac6e967084d3e1) Importer(815301076,1909f56bfc062723c751e8b465ee728b)  -> (artifact id: '0ebd2beca92183419576135a6bb278bb') in 0.109900 seconds 
========================================================================
Received Import Request.
  Time since last request: 0.311613 seconds.
  path: Assets/Oculus/SampleFramework/Usage/SharedAssets/Materials/Ball10.mat
  artifactKey: Guid(159194f8c47a59b44b6aeedaa2eaf336) Importer(815301076,1909f56bfc062723c751e8b465ee728b)
Start importing Assets/Oculus/SampleFramework/Usage/SharedAssets/Materials/Ball10.mat using Guid(159194f8c47a59b44b6aeedaa2eaf336) Importer(815301076,1909f56bfc062723c751e8b465ee728b)  -> (artifact id: '1a415862b1696e85d5d2681a1e1d9545') in 0.062424 seconds 
========================================================================
Received Import Request.
  Time since last request: 0.028168 seconds.
  path: Assets/Oculus/SampleFramework/Usage/SharedAssets/Materials/Ball03.mat
  artifactKey: Guid(d73f8afe478afde498d6b36047a52c73) Importer(815301076,1909f56bfc062723c751e8b465ee728b)
Start importing Assets/Oculus/SampleFramework/Usage/SharedAssets/Materials/Ball03.mat using Guid(d73f8afe478afde498d6b36047a52c73) Importer(815301076,1909f56bfc062723c751e8b465ee728b)  -> (artifact id: '1989493ac33a1241a46f8d2c274ca0dc') in 0.040474 seconds 
========================================================================
Received Import Request.
  Time since last request: 0.304441 seconds.
  path: Assets/Oculus/SampleFramework/Usage/HandsTrainExample/Materials/BackgroundMaterial.mat
  artifactKey: Guid(e95c781da52e2d14fb2fba44d7476164) Importer(815301076,1909f56bfc062723c751e8b465ee728b)
Start importing Assets/Oculus/SampleFramework/Usage/HandsTrainExample/Materials/BackgroundMaterial.mat using Guid(e95c781da52e2d14fb2fba44d7476164) Importer(815301076,1909f56bfc062723c751e8b465ee728b)  -> (artifact id: 'c84145684e2bbebcae1a365091ab9cbb') in 0.148317 seconds 
========================================================================
Received Import Request.
  Time since last request: 0.365779 seconds.
  path: Assets/Oculus/Spatializer/scenes/materials/AmbisonicObject1.mat
  artifactKey: Guid(584662273d60a0f47bd7fecbb570e66e) Importer(815301076,1909f56bfc062723c751e8b465ee728b)
Start importing Assets/Oculus/Spatializer/scenes/materials/AmbisonicObject1.mat using Guid(584662273d60a0f47bd7fecbb570e66e) Importer(815301076,1909f56bfc062723c751e8b465ee728b)  -> (artifact id: '70e95c25ea8cc696a8f9b05800834080') in 0.104265 seconds 
========================================================================
Received Prepare
Registering precompiled user dll's ...
Registered in 0.026195 seconds.
Begin MonoManager ReloadAssembly
Symbol file LoadedFromMemory doesn't match image C:\Users\christopher\Documents\GitHub\ApplicationVR\Library\PackageCache\com.unity.visualscripting@1.7.6\Editor\VisualScripting.Core\Dependencies\DotNetZip\Unity.VisualScripting.IonicZip.dll
Symbol file LoadedFromMemory doesn't match image C:\Users\christopher\Documents\GitHub\ApplicationVR\Library\PackageCache\com.unity.visualscripting@1.7.6\Editor\VisualScripting.Core\Dependencies\YamlDotNet\Unity.VisualScripting.YamlDotNet.dll
Native extension for WindowsStandalone target not found
Refreshing native plugins compatible for Editor in 1.31 ms, found 13 plugins.
Preloading 1 native plugins for Editor in 0.12 ms.
Mono: successfully reloaded assembly
- Completed reload, in  1.447 seconds
Domain Reload Profiling:
	ReloadAssembly (1448ms)
		BeginReloadAssembly (264ms)
			ExecutionOrderSort (0ms)
			DisableScriptedObjects (4ms)
			BackupInstance (0ms)
			ReleaseScriptingObjects (0ms)
			CreateAndSetChildDomain (48ms)
		EndReloadAssembly (1059ms)
			LoadAssemblies (249ms)
			RebuildTransferFunctionScriptingTraits (0ms)
			SetupTypeCache (350ms)
			ReleaseScriptCaches (2ms)
			RebuildScriptCaches (46ms)
			SetupLoadedEditorAssemblies (422ms)
				LogAssemblyErrors (0ms)
				InitializePlatformSupportModulesInManaged (15ms)
				SetLoadedEditorAssemblies (0ms)
				RefreshPlugins (2ms)
				BeforeProcessingInitializeOnLoad (77ms)
				ProcessInitializeOnLoadAttributes (278ms)
				ProcessInitializeOnLoadMethodAttributes (40ms)
				AfterProcessingInitializeOnLoad (9ms)
				EditorAssembliesLoaded (0ms)
			ExecutionOrderSort2 (0ms)
			AwakeInstancesAfterBackupRestoration (13ms)
Platform modules already initialized, skipping
Switching build target platform(19) subTarget(0) extendedPlatform(0) -> platform(13) subTarget(0) extendedPlatform(0)
Shader 'Oculus/OVRMRCameraFrameLit': fallback shader 'Alpha-Diffuse' not found
Refreshing native plugins compatible for Editor in 1.50 ms, found 13 plugins.
Preloading 1 native plugins for Editor in 0.12 ms.
Unloading 4509 Unused Serialized files (Serialized files now loaded: 0)
Unloading 71 unused Assets / (26.4 KB). Loaded Objects now: 5229.
Memory consumption went from 193.7 MB to 193.7 MB.
Total: 4.070200 ms (FindLiveObjects: 0.482500 ms CreateObjectMapping: 0.357600 ms MarkObjects: 3.155400 ms  DeleteObjects: 0.072900 ms)

AssetImportParameters requested are different than current active one (requested -> active):
  custom:video-decoder-ogg-theora: a1e56fd34408186e4bbccfd4996cb3dc -> 
  custom:container-muxer-webm: aa71ff27fc2769a1b78a27578f13a17b -> 
  custom:container-demuxer-webm: 4f35f7cbe854078d1ac9338744f61a02 -> 
  custom:video-encoder-webm-vp8: eb34c28f22e8b96e1ab97ce403110664 -> 
  custom:video-codec-MediaFoundation-h265: 746d11721c4dcdbdad8f713fa42b33f4 -> 
  custom:audio-encoder-webm-vorbis: bf7c407c2cedff20999df2af8eb42d56 -> 
  custom:framework-win-MediaFoundation: 216162199b28c13a410421893ffa2e32 -> 
  custom:container-demuxer-ogg: 62fdf1f143b41e24485cea50d1cbac27 -> 
  custom:video-decoder-webm-vp8: 9c59270c3fd7afecdb556c50c9e8de78 -> 
  custom:audio-decoder-ogg-vorbis: bf7c407c2cedff20999df2af8eb42d56 -> 
Editor requested this worker to shutdown with reason: Scaling down because of idle timeout
AssetImportWorker is now disconnected from the server
Process exiting
Exiting without the bug reporter. Application will terminate with return code 0